#
# A fatal error has been detected by the Java Runtime Environment:
#
#  EXCEPTION_ACCESS_VIOLATION (0xc0000005) at pc=0x00000000671cc5f7, pid=6228, tid=0x0000000000001d80
#
# JRE version: OpenJDK Runtime Environment (8.0_152-b01) (build 1.8.0_152-release-915-b01)
# Java VM: OpenJDK 64-Bit Server VM (25.152-b01 mixed mode windows-amd64 compressed oops)
# Problematic frame:
# V  [jvm.dll+0x1ec5f7]
#
# Failed to write core dump. Minidumps are not enabled by default on client versions of Windows
#
# If you would like to submit a bug report, please visit:
#   http://bugreport.java.com/bugreport/crash.jsp
#

---------------  T H R E A D  ---------------

Current thread (0x00000000074bc800):  JavaThread "pool-2-thread-1" [_thread_in_vm, id=7552, stack(0x00000000081e0000,0x00000000082e0000)]

siginfo: ExceptionCode=0xc0000005, writing address 0x00000000082d7c60

Registers:
RAX=0x00000000082d7c60, RBX=0x0000000000000007, RCX=0x0000000000006000, RDX=0x0000000000000012
RSP=0x00000000082ddc60, RBP=0x0000000000000000, RSI=0x00000000082ddc60, RDI=0x0000000000000007
R8 =0x0000000000000012, R9 =0x00000000074d2ad0, R10=0x0000000005354900, R11=0x00000000081ea160
R12=0x00000000074d2ad0, R13=0x00000000074bc800, R14=0x00000000082ddd28, R15=0x0000000005354900
RIP=0x00000000671cc5f7, EFLAGS=0x0000000000010206

Top of Stack: (sp=0x00000000082ddc60)
0x00000000082ddc60:   0000000000000000 0000000000000000
0x00000000082ddc70:   00000000074bc800 00000000074d2ad0
0x00000000082ddc80:   00000000ffffffff 00000000671cd527
0x00000000082ddc90:   00000000082ddd90 0000000005354900
0x00000000082ddca0:   00000000074bc800 000000006707b2d3
0x00000000082ddcb0:   00000000082ddcf0 00000000074bc800
0x00000000082ddcc0:   00000000082ddd80 00000000074bc800
0x00000000082ddcd0:   0000000005354900 00000000074bc800
0x00000000082ddce0:   000000000f022f20 00000000074bc800
0x00000000082ddcf0:   0000000005354900 00000000074bc800
0x00000000082ddd00:   0000000005354900 00000000074bc800
0x00000000082ddd10:   0000000000000001 0000000005354900
0x00000000082ddd20:   00000000074bc800 00000000072a8ab0
0x00000000082ddd30:   00000000074bc800 000000006707c7bd
0x00000000082ddd40:   00000000082de0c0 000000001e012248
0x00000000082ddd50:   000000001e01f070 0000000000000000 

Instructions: (pc=0x00000000671cc5f7)
0x00000000671cc5d7:   48 89 6c 24 30 33 ed 66 90 e8 ab bf 07 00 ff c3
0x00000000671cc5e7:   48 63 c8 48 8b c6 48 0f af cf 48 ff c7 48 2b c1
0x00000000671cc5f7:   89 28 48 63 c3 48 3b 05 a5 3f 57 00 7e db 48 8b
0x00000000671cc607:   6c 24 30 48 8b 5c 24 38 48 8b 74 24 40 48 83 c4 


Register to memory mapping:

RAX=0x00000000082d7c60 is pointing into the stack for thread: 0x00000000074bc800
RBX=0x0000000000000007 is an unknown value
RCX=0x0000000000006000 is an unknown value
RDX=0x0000000000000012 is an unknown value
RSP=0x00000000082ddc60 is pointing into the stack for thread: 0x00000000074bc800
RBP=0x0000000000000000 is an unknown value
RSI=0x00000000082ddc60 is pointing into the stack for thread: 0x00000000074bc800
RDI=0x0000000000000007 is an unknown value
R8 =0x0000000000000012 is an unknown value
R9 =0x00000000074d2ad0 is an unknown value
R10={method} {0x0000000005354908} 'loadClass' '(Ljava/lang/String;)Ljava/lang/Class;' in 'java/lang/ClassLoader'
R11=0x00000000081ea160 is pointing into the stack for thread: 0x00000000074bc800
R12=0x00000000074d2ad0 is an unknown value
R13=0x00000000074bc800 is a thread
R14=0x00000000082ddd28 is pointing into the stack for thread: 0x00000000074bc800
R15={method} {0x0000000005354908} 'loadClass' '(Ljava/lang/String;)Ljava/lang/Class;' in 'java/lang/ClassLoader'


Stack: [0x00000000081e0000,0x00000000082e0000],  sp=0x00000000082ddc60,  free space=1015k
Native frames: (J=compiled Java code, j=interpreted, Vv=VM code, C=native code)

Java frames: (J=compiled Java code, j=interpreted, Vv=VM code)
j  com.android.dx.command.dexer.Main$ClassDefItemConsumer.call()Ljava/lang/Boolean;+4
j  com.android.dx.command.dexer.Main$ClassDefItemConsumer.call()Ljava/lang/Object;+1
j  java.util.concurrent.FutureTask.run()V+42
j  java.util.concurrent.ThreadPoolExecutor.runWorker(Ljava/util/concurrent/ThreadPoolExecutor$Worker;)V+95
j  java.util.concurrent.ThreadPoolExecutor$Worker.run()V+5
j  java.lang.Thread.run()V+11
v  ~StubRoutines::call_stub

---------------  P R O C E S S  ---------------

Java Threads: ( => current thread )
  0x00000000074f4800 JavaThread "pool-1-thread-4" [_thread_blocked, id=9384, stack(0x00000000080e0000,0x00000000081e0000)]
  0x00000000074c3800 JavaThread "pool-1-thread-3" [_thread_blocked, id=10484, stack(0x0000000006e30000,0x0000000006f30000)]
  0x00000000074c2800 JavaThread "pool-1-thread-2" [_thread_blocked, id=13152, stack(0x0000000008330000,0x0000000008430000)]
=>0x00000000074bc800 JavaThread "pool-2-thread-1" [_thread_in_vm, id=7552, stack(0x00000000081e0000,0x00000000082e0000)]
  0x00000000074d9800 JavaThread "pool-1-thread-1" [_thread_blocked, id=11048, stack(0x0000000007fb0000,0x00000000080b0000)]
  0x0000000007255800 JavaThread "Service Thread" daemon [_thread_blocked, id=9928, stack(0x0000000007da0000,0x0000000007ea0000)]
  0x00000000071ee000 JavaThread "C1 CompilerThread2" daemon [_thread_blocked, id=12944, stack(0x0000000007c40000,0x0000000007d40000)]
  0x00000000071ed000 JavaThread "C2 CompilerThread1" daemon [_thread_blocked, id=11248, stack(0x0000000007b20000,0x0000000007c20000)]
  0x0000000005d3c800 JavaThread "C2 CompilerThread0" daemon [_thread_blocked, id=9116, stack(0x0000000007720000,0x0000000007820000)]
  0x00000000071db800 JavaThread "Attach Listener" daemon [_thread_blocked, id=10956, stack(0x0000000007860000,0x0000000007960000)]
  0x0000000005d2c800 JavaThread "Signal Dispatcher" daemon [_thread_blocked, id=2124, stack(0x0000000007620000,0x0000000007720000)]
  0x0000000005d12800 JavaThread "Finalizer" daemon [_thread_blocked, id=12004, stack(0x00000000070d0000,0x00000000071d0000)]
  0x0000000005cd1000 JavaThread "Reference Handler" daemon [_thread_blocked, id=12832, stack(0x0000000006f30000,0x0000000007030000)]
  0x00000000021ef000 JavaThread "main" [_thread_blocked, id=11028, stack(0x00000000024f0000,0x00000000025f0000)]

Other Threads:
  0x0000000005cc9800 VMThread [stack: 0x0000000006d30000,0x0000000006e30000] [id=11108]
  0x0000000007258000 WatcherThread [stack: 0x0000000007990000,0x0000000007a90000] [id=8464]

VM state:synchronizing (normal execution)

VM Mutex/Monitor currently owned by a thread:  ([mutex/lock_event])
[0x00000000021ecbf0] Threads_lock - owner thread: 0x0000000005cc9800
[0x00000000021ed0f0] Heap_lock - owner thread: 0x00000000074c2800

Heap:
 PSYoungGen      total 28672K, used 10858K [0x00000000eab00000, 0x00000000ecb00000, 0x0000000100000000)
  eden space 24576K, 44% used [0x00000000eab00000,0x00000000eb59a918,0x00000000ec300000)
  from space 4096K, 0% used [0x00000000ec700000,0x00000000ec700000,0x00000000ecb00000)
  to   space 4096K, 0% used [0x00000000ec300000,0x00000000ec300000,0x00000000ec700000)
 ParOldGen       total 65536K, used 0K [0x00000000c0000000, 0x00000000c4000000, 0x00000000eab00000)
  object space 65536K, 0% used [0x00000000c0000000,0x00000000c0000000,0x00000000c4000000)
 Metaspace       used 5227K, capacity 6160K, committed 6272K, reserved 1058816K
  class space    used 564K, capacity 584K, committed 640K, reserved 1048576K

Card table byte_map: [0x00000000029b0000,0x0000000002bc0000] byte_map_base: 0x00000000023b0000

Marking Bits: (ParMarkBitMap*) 0x00000000677a3950
 Begin Bits: [0x0000000003140000, 0x0000000004140000)
 End Bits:   [0x0000000004140000, 0x0000000005140000)

Polling page: 0x00000000001b0000

CodeCache: size=245760Kb used=1716Kb max_used=1716Kb free=244043Kb
 bounds [0x000000000f010000, 0x000000000f280000, 0x000000001e010000]
 total_blobs=575 nmethods=306 adapters=183
 compilation: enabled

Compilation events (10 events):
Event: 3.704 Thread 0x00000000071ee000 nmethod 268 0x000000000f1ac9d0 code [0x000000000f1acb20, 0x000000000f1acc90]
Event: 3.705 Thread 0x00000000071ee000  269       3       java.util.BitSet::get (69 bytes)
Event: 3.706 Thread 0x00000000071ee000 nmethod 269 0x000000000f1ae3d0 code [0x000000000f1ae5c0, 0x000000000f1aef68]
Event: 3.707 Thread 0x00000000071ee000  271       3       com.android.dx.rop.cst.Constant::compareTo (33 bytes)
Event: 3.707 Thread 0x0000000005d3c800 nmethod 265 0x000000000f1b25d0 code [0x000000000f1b2720, 0x000000000f1b2938]
Event: 3.707 Thread 0x00000000071ee000 nmethod 271 0x000000000f1b1ad0 code [0x000000000f1b1c80, 0x000000000f1b2398]
Event: 3.707 Thread 0x00000000071ee000  272       1       com.android.dx.rop.cst.CstNat::getName (5 bytes)
Event: 3.707 Thread 0x00000000071ee000 nmethod 272 0x000000000f1b1810 code [0x000000000f1b1960, 0x000000000f1b1a70]
Event: 3.712 Thread 0x00000000071ee000  273       1       com.android.dx.rop.type.Prototype::getDescriptor (5 bytes)
Event: 3.712 Thread 0x00000000071ee000 nmethod 273 0x000000000f1b1550 code [0x000000000f1b16a0, 0x000000000f1b17b0]

GC Heap History (0 events):
No events

Deoptimization events (0 events):
No events

Classes redefined (0 events):
No events

Internal exceptions (2 events):
Event: 1.264 Thread 0x00000000021ef000 Exception <a 'java/lang/NoSuchMethodError': Method sun.misc.Unsafe.defineClass(Ljava/lang/String;[BII)Ljava/lang/Class; name or signature does not match> (0x00000000eab07ca8) thrown at [D:\src\AOSP-openjdk-cygwin\jdk8u\hotspot\src\share\vm\prims\jni.cpp, 
Event: 1.265 Thread 0x00000000021ef000 Exception <a 'java/lang/NoSuchMethodError': Method sun.misc.Unsafe.prefetchRead(Ljava/lang/Object;J)V name or signature does not match> (0x00000000eab07f90) thrown at [D:\src\AOSP-openjdk-cygwin\jdk8u\hotspot\src\share\vm\prims\jni.cpp, line 4011]

Events (10 events):
Event: 3.710 loading class com/android/dx/ssa/Optimizer$OptionalStep
Event: 3.710 loading class com/android/dx/ssa/Optimizer$OptionalStep done
Event: 3.711 loading class java/util/EnumSet
Event: 3.711 loading class java/util/EnumSet done
Event: 3.711 loading class java/lang/Class$4
Event: 3.711 loading class java/lang/Class$4 done
Event: 3.711 loading class sun/reflect/NativeMethodAccessorImpl
Event: 3.711 loading class sun/reflect/NativeMethodAccessorImpl done
Event: 3.711 loading class sun/reflect/DelegatingMethodAccessorImpl
Event: 3.711 loading class sun/reflect/DelegatingMethodAccessorImpl done


Dynamic libraries:
0x000000013f140000 - 0x000000013f171000 	D:\androidstudio3.0\jre\bin\java.exe
0x0000000076f60000 - 0x00000000770ff000 	C:\Windows\SYSTEM32\ntdll.dll
0x0000000076e40000 - 0x0000000076f5f000 	C:\Windows\system32\kernel32.dll
0x000007fefcf60000 - 0x000007fefcfca000 	C:\Windows\system32\KERNELBASE.dll
0x000007fefefa0000 - 0x000007feff07b000 	C:\Windows\system32\ADVAPI32.dll
0x000007fefee50000 - 0x000007fefeeef000 	C:\Windows\system32\msvcrt.dll
0x000007feff110000 - 0x000007feff12f000 	C:\Windows\SYSTEM32\sechost.dll
0x000007fefe450000 - 0x000007fefe57d000 	C:\Windows\system32\RPCRT4.dll
0x0000000076d40000 - 0x0000000076e3a000 	C:\Windows\system32\USER32.dll
0x000007feff0a0000 - 0x000007feff107000 	C:\Windows\system32\GDI32.dll
0x000007fefee40000 - 0x000007fefee4e000 	C:\Windows\system32\LPK.dll
0x000007fefe380000 - 0x000007fefe44b000 	C:\Windows\system32\USP10.dll
0x000007fefaf50000 - 0x000007fefb144000 	C:\Windows\WinSxS\amd64_microsoft.windows.common-controls_6595b64144ccf1df_6.0.7601.18837_none_fa3b1e3d17594757\COMCTL32.dll
0x000007fefedc0000 - 0x000007fefee31000 	C:\Windows\system32\SHLWAPI.dll
0x000007fefed90000 - 0x000007fefedbe000 	C:\Windows\system32\IMM32.DLL
0x000007fefe820000 - 0x000007fefe929000 	C:\Windows\system32\MSCTF.dll
0x000007fefce10000 - 0x000007fefce41000 	C:\Windows\system32\nvinitx.dll
0x000007fefce00000 - 0x000007fefce0c000 	C:\Windows\system32\VERSION.dll
0x000000000f000000 - 0x000000000f006000 	C:\Program Files\NVIDIA Corporation\CoProcManager\detoured.dll
0x000007fefa100000 - 0x000007fefa132000 	C:\Program Files\NVIDIA Corporation\CoProcManager\nvd3d9wrapx.dll
0x000007fefe940000 - 0x000007fefeb17000 	C:\Windows\system32\SETUPAPI.dll
0x000007fefd220000 - 0x000007fefd256000 	C:\Windows\system32\CFGMGR32.dll
0x000007fefeb20000 - 0x000007fefebfa000 	C:\Windows\system32\OLEAUT32.dll
0x000007fefe620000 - 0x000007fefe81d000 	C:\Windows\system32\ole32.dll
0x000007fefcf40000 - 0x000007fefcf5a000 	C:\Windows\system32\DEVOBJ.dll
0x000007fefa0d0000 - 0x000007fefa0f2000 	C:\Program Files\NVIDIA Corporation\CoProcManager\nvdxgiwrapx.dll
0x000000006d4f0000 - 0x000000006d5c2000 	D:\androidstudio3.0\jre\jre\bin\msvcr100.dll
0x0000000066fe0000 - 0x000000006781e000 	D:\androidstudio3.0\jre\jre\bin\server\jvm.dll
0x000007fef5ee0000 - 0x000007fef5ee9000 	C:\Windows\system32\WSOCK32.dll
0x000007fefef50000 - 0x000007fefef9d000 	C:\Windows\system32\WS2_32.dll
0x000007fefe930000 - 0x000007fefe938000 	C:\Windows\system32\NSI.dll
0x000007fefa900000 - 0x000007fefa93b000 	C:\Windows\system32\WINMM.dll
0x0000000077100000 - 0x0000000077107000 	C:\Windows\system32\PSAPI.DLL
0x000007fefa4a0000 - 0x000007fefa4af000 	D:\androidstudio3.0\jre\jre\bin\verify.dll
0x000007fef6890000 - 0x000007fef68b9000 	D:\androidstudio3.0\jre\jre\bin\java.dll
0x000007fef66e0000 - 0x000007fef66f6000 	D:\androidstudio3.0\jre\jre\bin\zip.dll
0x000007fefd5f0000 - 0x000007fefe37b000 	C:\Windows\system32\SHELL32.dll
0x000007fefce50000 - 0x000007fefce5f000 	C:\Windows\system32\profapi.dll
0x000007fef7f50000 - 0x000007fef8075000 	C:\Windows\system32\dbghelp.dll

VM Arguments:
jvm_args: -Djava.awt.headless=true -Xmx1024M -Dfile.encoding=GBK -Duser.country=CN -Duser.language=zh -Duser.variant 
java_command: com.android.dx.command.Main --dex --num-threads=4 --output E:\projectfromgithub\WhiteBoard-master\app\build\intermediates\pre-dexed\debug\com.android.support-recyclerview-v7-23.3.0_ca684db6d53cc73d5befbdf2dc4710ade49ed560.jar E:\projectfromgithub\WhiteBoard-master\app\build\intermediates\exploded-aar\com.android.support\recyclerview-v7\23.3.0\jars\classes.jar
java_class_path (initial): D:\androidstudio2.3\androidsdk\build-tools\23.0.2\lib\dx.jar
Launcher Type: SUN_STANDARD

Environment Variables:
JAVA_HOME=D:\java\jdk
CLASSPATH=.;D:\java\jdk\lib;D:\java\jdk\lib\tools.jar
PATH=C:\ProgramData\Oracle\Java\javapath;E:\nTurn\Goto;C:\Windows\system32;C:\Windows;C:\Windows\System32\Wbem;C:\Windows\System32\WindowsPowerShell\v1.0\;D:\java\jdk\bin;D:\java\jdk\jre\bin;%CATALINA_HOME%\bin;%CATALINA_HOME%\lib;E:\SDK\android-sdk_r24.1.2-windows\android-sdk-windows\platform-tools;D:\python;D:\nodejs\;D:\Git\bin;C:\Users\Administrator\AppData\Roaming\npm;C:\Users\Administrator\AppData\Local\GitHubDesktop\bin;D:\vscode\Microsoft VS Code\bin
USERNAME=Administrator
OS=Windows_NT
PROCESSOR_IDENTIFIER=Intel64 Family 6 Model 69 Stepping 1, GenuineIntel



---------------  S Y S T E M  ---------------

OS: Windows 7 , 64 bit Build 7601 (6.1.7601.24094)

CPU:total 4 (initial active 4) (2 cores per cpu, 2 threads per core) family 6 model 69 stepping 1, cmov, cx8, fxsr, mmx, sse, sse2, sse3, ssse3, sse4.1, sse4.2, popcnt, avx, avx2, aes, clmul, erms, lzcnt, ht, tsc, tscinvbit, bmi1, bmi2

Memory: 4k page, physical 6172056k(638852k free), swap 6170180k(195860k free)

vm_info: OpenJDK 64-Bit Server VM (25.152-b01) for windows-amd64 JRE (1.8.0_152-release-915-b01), built by "builder" with MS VC++ 10.0 (VS2010)

time: Sun May 13 02:51:45 2018
elapsed time: 5 seconds (0d 0h 0m 5s)

