#
# There is insufficient memory for the Java Runtime Environment to continue.
# Native memory allocation (malloc) failed to allocate 509216 bytes for Chunk::new
# Possible reasons:
#   The system is out of physical RAM or swap space
#   In 32 bit mode, the process size limit was hit
# Possible solutions:
#   Reduce memory load on the system
#   Increase physical memory or swap space
#   Check if swap backing store is full
#   Use 64 bit Java on a 64 bit OS
#   Decrease Java heap size (-Xmx/-Xms)
#   Decrease number of Java threads
#   Decrease Java thread stack sizes (-Xss)
#   Set larger code cache with -XX:ReservedCodeCacheSize=
# This output file may be truncated or incomplete.
#
#  Out of Memory Error (allocation.cpp:390), pid=2672, tid=0x0000000000000a14
#
# JRE version: OpenJDK Runtime Environment (8.0_152-b01) (build 1.8.0_152-release-915-b01)
# Java VM: OpenJDK 64-Bit Server VM (25.152-b01 mixed mode windows-amd64 compressed oops)
# Failed to write core dump. Minidumps are not enabled by default on client versions of Windows
#

---------------  T H R E A D  ---------------

Current thread (0x00000000070ff800):  JavaThread "C2 CompilerThread1" daemon [_thread_in_native, id=2580, stack(0x0000000007800000,0x0000000007900000)]

Stack: [0x0000000007800000,0x0000000007900000]
[error occurred during error reporting (printing stack bounds), id 0xc0000005]

Native frames: (J=compiled Java code, j=interpreted, Vv=VM code, C=native code)


Current CompileTask:
C2:   7514 1836       4       com.android.dx.ssa.SsaRenamer$BlockRenamer::process (191 bytes)


---------------  P R O C E S S  ---------------

Java Threads: ( => current thread )
  0x0000000007d90800 JavaThread "pool-1-thread-4" [_thread_in_Java, id=10092, stack(0x0000000008c50000,0x0000000008d50000)]
  0x00000000073ea800 JavaThread "pool-1-thread-3" [_thread_in_native, id=12352, stack(0x00000000085d0000,0x00000000086d0000)]
  0x0000000007464800 JavaThread "pool-1-thread-2" [_thread_blocked, id=11888, stack(0x0000000008a40000,0x0000000008b40000)]
  0x00000000073e9000 JavaThread "pool-2-thread-1" [_thread_blocked, id=8308, stack(0x0000000008890000,0x0000000008990000)]
  0x00000000073a5800 JavaThread "pool-1-thread-1" [_thread_blocked, id=10472, stack(0x0000000008710000,0x0000000008810000)]
  0x0000000007104800 JavaThread "Service Thread" daemon [_thread_blocked, id=7416, stack(0x0000000007c80000,0x0000000007d80000)]
  0x0000000007100000 JavaThread "C1 CompilerThread2" daemon [_thread_blocked, id=12964, stack(0x0000000007a90000,0x0000000007b90000)]
=>0x00000000070ff800 JavaThread "C2 CompilerThread1" daemon [_thread_in_native, id=2580, stack(0x0000000007800000,0x0000000007900000)]
  0x0000000005c4f800 JavaThread "C2 CompilerThread0" daemon [_thread_in_native, id=4760, stack(0x0000000007630000,0x0000000007730000)]
  0x00000000070eb800 JavaThread "Attach Listener" daemon [_thread_blocked, id=10604, stack(0x0000000006ea0000,0x0000000006fa0000)]
  0x00000000070ea800 JavaThread "Signal Dispatcher" daemon [_thread_blocked, id=12108, stack(0x00000000074e0000,0x00000000075e0000)]
  0x0000000005c2b800 JavaThread "Finalizer" daemon [_thread_blocked, id=10580, stack(0x0000000006fe0000,0x00000000070e0000)]
  0x0000000005be4800 JavaThread "Reference Handler" daemon [_thread_blocked, id=11436, stack(0x0000000006d60000,0x0000000006e60000)]
  0x000000000051f000 JavaThread "main" [_thread_in_native, id=8800, stack(0x0000000002330000,0x0000000002430000)]

Other Threads:
  0x0000000005bd9800 VMThread [stack: 0x0000000006c50000,0x0000000006d50000] [id=13244]
  0x0000000007107000 WatcherThread [stack: 0x0000000007950000,0x0000000007a50000] [id=11120]

VM state:not at safepoint (normal execution)

VM Mutex/Monitor currently owned by a thread: None

Heap:
 PSYoungGen      total 53248K, used 23817K [0x00000000eab00000, 0x00000000ee300000, 0x0000000100000000)
  eden space 49152K, 40% used [0x00000000eab00000,0x00000000ebe490c0,0x00000000edb00000)
  from space 4096K, 99% used [0x00000000edf00000,0x00000000ee2f9498,0x00000000ee300000)
  to   space 4096K, 0% used [0x00000000edb00000,0x00000000edb00000,0x00000000edf00000)
 ParOldGen       total 65536K, used 16410K [0x00000000c0000000, 0x00000000c4000000, 0x00000000eab00000)
  object space 65536K, 25% used [0x00000000c0000000,0x00000000c10069b8,0x00000000c4000000)
 Metaspace       used 6369K, capacity 7152K, committed 7296K, reserved 1056768K
  class space    used 594K, capacity 616K, committed 640K, reserved 1048576K

Card table byte_map: [0x00000000027f0000,0x0000000002a00000] byte_map_base: 0x00000000021f0000

Marking Bits: (ParMarkBitMap*) 0x00000000677a3950
 Begin Bits: [0x0000000003050000, 0x0000000004050000)
 End Bits:   [0x0000000004050000, 0x0000000005050000)

Polling page: 0x0000000000220000

CodeCache: size=245760Kb used=8080Kb max_used=8080Kb free=237679Kb
 bounds [0x000000000f010000, 0x000000000f800000, 0x000000001e010000]
 total_blobs=2073 nmethods=1802 adapters=184
 compilation: enabled

Compilation events (10 events):
Event: 7.482 Thread 0x0000000007100000 1853       2       com.android.dx.rop.type.Type::isArray (19 bytes)
Event: 7.482 Thread 0x0000000007100000 nmethod 1853 0x000000000f7ca350 code [0x000000000f7ca4c0, 0x000000000f7ca6c8]
Event: 7.487 Thread 0x0000000007100000 1854       2       com.android.dx.cf.code.Ropper::isSynchronized (21 bytes)
Event: 7.487 Thread 0x0000000007100000 nmethod 1854 0x000000000f7c9f50 code [0x000000000f7ca0c0, 0x000000000f7ca268]
Event: 7.488 Thread 0x0000000007100000 1855   !   2       com.android.dx.cf.code.Ropper::processBlock (1101 bytes)
Event: 7.497 Thread 0x0000000007100000 nmethod 1855 0x000000000f7f5490 code [0x000000000f7f5bc0, 0x000000000f7f8c38]
Event: 7.502 Thread 0x0000000007100000 1856       2       java.util.concurrent.locks.AbstractQueuedSynchronizer::addWaiter (50 bytes)
Event: 7.502 Thread 0x0000000007100000 nmethod 1856 0x000000000f7c9a50 code [0x000000000f7c9bc0, 0x000000000f7c9e68]
Event: 7.502 Thread 0x0000000007100000 1857   !   2       java.util.concurrent.locks.AbstractQueuedSynchronizer::acquireQueued (93 bytes)
Event: 7.503 Thread 0x0000000007100000 nmethod 1857 0x000000000f7c8e90 code [0x000000000f7c9060, 0x000000000f7c9598]

GC Heap History (8 events):
Event: 2.146 GC heap before
{Heap before GC invocations=1 (full 0):
 PSYoungGen      total 28672K, used 24576K [0x00000000eab00000, 0x00000000ecb00000, 0x0000000100000000)
  eden space 24576K, 100% used [0x00000000eab00000,0x00000000ec300000,0x00000000ec300000)
  from space 4096K, 0% used [0x00000000ec700000,0x00000000ec700000,0x00000000ecb00000)
  to   space 4096K, 0% used [0x00000000ec300000,0x00000000ec300000,0x00000000ec700000)
 ParOldGen       total 65536K, used 0K [0x00000000c0000000, 0x00000000c4000000, 0x00000000eab00000)
  object space 65536K, 0% used [0x00000000c0000000,0x00000000c0000000,0x00000000c4000000)
 Metaspace       used 5544K, capacity 6448K, committed 6528K, reserved 1056768K
  class space    used 587K, capacity 616K, committed 640K, reserved 1048576K
Event: 2.405 GC heap after
Heap after GC invocations=1 (full 0):
 PSYoungGen      total 28672K, used 3637K [0x00000000eab00000, 0x00000000ee300000, 0x0000000100000000)
  eden space 24576K, 0% used [0x00000000eab00000,0x00000000eab00000,0x00000000ec300000)
  from space 4096K, 88% used [0x00000000ec300000,0x00000000ec68d690,0x00000000ec700000)
  to   space 4096K, 0% used [0x00000000edf00000,0x00000000edf00000,0x00000000ee300000)
 ParOldGen       total 65536K, used 8K [0x00000000c0000000, 0x00000000c4000000, 0x00000000eab00000)
  object space 65536K, 0% used [0x00000000c0000000,0x00000000c0002000,0x00000000c4000000)
 Metaspace       used 5544K, capacity 6448K, committed 6528K, reserved 1056768K
  class space    used 587K, capacity 616K, committed 640K, reserved 1048576K
}
Event: 3.735 GC heap before
{Heap before GC invocations=2 (full 0):
 PSYoungGen      total 28672K, used 28213K [0x00000000eab00000, 0x00000000ee300000, 0x0000000100000000)
  eden space 24576K, 100% used [0x00000000eab00000,0x00000000ec300000,0x00000000ec300000)
  from space 4096K, 88% used [0x00000000ec300000,0x00000000ec68d690,0x00000000ec700000)
  to   space 4096K, 0% used [0x00000000edf00000,0x00000000edf00000,0x00000000ee300000)
 ParOldGen       total 65536K, used 8K [0x00000000c0000000, 0x00000000c4000000, 0x00000000eab00000)
  object space 65536K, 0% used [0x00000000c0000000,0x00000000c0002000,0x00000000c4000000)
 Metaspace       used 6150K, capacity 6960K, committed 7040K, reserved 1056768K
  class space    used 591K, capacity 616K, committed 640K, reserved 1048576K
Event: 3.785 GC heap after
Heap after GC invocations=2 (full 0):
 PSYoungGen      total 53248K, used 4066K [0x00000000eab00000, 0x00000000ee300000, 0x0000000100000000)
  eden space 49152K, 0% used [0x00000000eab00000,0x00000000eab00000,0x00000000edb00000)
  from space 4096K, 99% used [0x00000000edf00000,0x00000000ee2f8918,0x00000000ee300000)
  to   space 4096K, 0% used [0x00000000edb00000,0x00000000edb00000,0x00000000edf00000)
 ParOldGen       total 65536K, used 1417K [0x00000000c0000000, 0x00000000c4000000, 0x00000000eab00000)
  object space 65536K, 2% used [0x00000000c0000000,0x00000000c0162618,0x00000000c4000000)
 Metaspace       used 6150K, capacity 6960K, committed 7040K, reserved 1056768K
  class space    used 591K, capacity 616K, committed 640K, reserved 1048576K
}
Event: 5.762 GC heap before
{Heap before GC invocations=3 (full 0):
 PSYoungGen      total 53248K, used 53218K [0x00000000eab00000, 0x00000000ee300000, 0x0000000100000000)
  eden space 49152K, 100% used [0x00000000eab00000,0x00000000edb00000,0x00000000edb00000)
  from space 4096K, 99% used [0x00000000edf00000,0x00000000ee2f8918,0x00000000ee300000)
  to   space 4096K, 0% used [0x00000000edb00000,0x00000000edb00000,0x00000000edf00000)
 ParOldGen       total 65536K, used 1417K [0x00000000c0000000, 0x00000000c4000000, 0x00000000eab00000)
  object space 65536K, 2% used [0x00000000c0000000,0x00000000c0162618,0x00000000c4000000)
 Metaspace       used 6275K, capacity 7088K, committed 7296K, reserved 1056768K
  class space    used 593K, capacity 616K, committed 640K, reserved 1048576K
Event: 6.319 GC heap after
Heap after GC invocations=3 (full 0):
 PSYoungGen      total 53248K, used 4089K [0x00000000eab00000, 0x00000000ee300000, 0x0000000100000000)
  eden space 49152K, 0% used [0x00000000eab00000,0x00000000eab00000,0x00000000edb00000)
  from space 4096K, 99% used [0x00000000edb00000,0x00000000edefe708,0x00000000edf00000)
  to   space 4096K, 0% used [0x00000000edf00000,0x00000000edf00000,0x00000000ee300000)
 ParOldGen       total 65536K, used 8150K [0x00000000c0000000, 0x00000000c4000000, 0x00000000eab00000)
  object space 65536K, 12% used [0x00000000c0000000,0x00000000c07f5ae8,0x00000000c4000000)
 Metaspace       used 6275K, capacity 7088K, committed 7296K, reserved 1056768K
  class space    used 593K, capacity 616K, committed 640K, reserved 1048576K
}
Event: 6.928 GC heap before
{Heap before GC invocations=4 (full 0):
 PSYoungGen      total 53248K, used 53241K [0x00000000eab00000, 0x00000000ee300000, 0x0000000100000000)
  eden space 49152K, 100% used [0x00000000eab00000,0x00000000edb00000,0x00000000edb00000)
  from space 4096K, 99% used [0x00000000edb00000,0x00000000edefe708,0x00000000edf00000)
  to   space 4096K, 0% used [0x00000000edf00000,0x00000000edf00000,0x00000000ee300000)
 ParOldGen       total 65536K, used 8150K [0x00000000c0000000, 0x00000000c4000000, 0x00000000eab00000)
  object space 65536K, 12% used [0x00000000c0000000,0x00000000c07f5ae8,0x00000000c4000000)
 Metaspace       used 6349K, capacity 7152K, committed 7296K, reserved 1056768K
  class space    used 594K, capacity 616K, committed 640K, reserved 1048576K
Event: 6.960 GC heap after
Heap after GC invocations=4 (full 0):
 PSYoungGen      total 53248K, used 4069K [0x00000000eab00000, 0x00000000ee300000, 0x0000000100000000)
  eden space 49152K, 0% used [0x00000000eab00000,0x00000000eab00000,0x00000000edb00000)
  from space 4096K, 99% used [0x00000000edf00000,0x00000000ee2f9498,0x00000000ee300000)
  to   space 4096K, 0% used [0x00000000edb00000,0x00000000edb00000,0x00000000edf00000)
 ParOldGen       total 65536K, used 16410K [0x00000000c0000000, 0x00000000c4000000, 0x00000000eab00000)
  object space 65536K, 25% used [0x00000000c0000000,0x00000000c10069b8,0x00000000c4000000)
 Metaspace       used 6349K, capacity 7152K, committed 7296K, reserved 1056768K
  class space    used 594K, capacity 616K, committed 640K, reserved 1048576K
}

Deoptimization events (10 events):
Event: 6.647 Thread 0x0000000007d90800 Uncommon trap: reason=bimorphic action=maybe_recompile pc=0x000000000f5e8a0c method=java.util.HashMap.getNode(ILjava/lang/Object;)Ljava/util/HashMap$Node; @ 126
Event: 6.647 Thread 0x0000000007d90800 Uncommon trap: reason=class_check action=maybe_recompile pc=0x000000000f4490b4 method=java.util.HashMap.putVal(ILjava/lang/Object;Ljava/lang/Object;ZZ)Ljava/lang/Object; @ 203
Event: 6.647 Thread 0x0000000007d90800 Uncommon trap: reason=bimorphic action=maybe_recompile pc=0x000000000f203c50 method=java.util.HashMap.getNode(ILjava/lang/Object;)Ljava/util/HashMap$Node; @ 126
Event: 6.676 Thread 0x0000000007d90800 Uncommon trap: reason=unstable_if action=reinterpret pc=0x000000000f5a87f4 method=com.android.dx.ssa.SCCP.simulateBranch(Lcom/android/dx/ssa/SsaInsn;)V @ 64
Event: 6.676 Thread 0x0000000007d90800 Uncommon trap: reason=unstable_if action=reinterpret pc=0x000000000f590254 method=com.android.dx.ssa.LiteralOpUpgrader$1.visitNonMoveInsn(Lcom/android/dx/ssa/NormalSsaInsn;)V @ 55
Event: 6.677 Thread 0x0000000007d90800 Uncommon trap: reason=unstable_if action=reinterpret pc=0x000000000f411a0c method=com.android.dx.ssa.SsaMethod.updateOneDefinition(Lcom/android/dx/ssa/SsaInsn;Lcom/android/dx/rop/code/RegisterSpec;)V @ 4
Event: 7.421 Thread 0x00000000073a5800 Uncommon trap: reason=bimorphic action=maybe_recompile pc=0x000000000f7dcc64 method=com.android.dx.cf.code.BytecodeArray.parseInstruction(ILcom/android/dx/cf/code/BytecodeArray$Visitor;)I @ 1130
Event: 7.422 Thread 0x00000000073a5800 Uncommon trap: reason=bimorphic action=maybe_recompile pc=0x000000000f7dcc64 method=com.android.dx.cf.code.BytecodeArray.parseInstruction(ILcom/android/dx/cf/code/BytecodeArray$Visitor;)I @ 1130
Event: 7.487 Thread 0x00000000073a5800 Uncommon trap: reason=unstable_if action=reinterpret pc=0x000000000f6ec1fc method=com.android.dx.cf.code.Ropper.isSynchronized()Z @ 12
Event: 7.487 Thread 0x00000000073a5800 Uncommon trap: reason=unstable_if action=reinterpret pc=0x000000000f631548 method=com.android.dx.cf.code.Ropper.isSynchronized()Z @ 12

Classes redefined (0 events):
No events

Internal exceptions (3 events):
Event: 0.139 Thread 0x000000000051f000 Exception <a 'java/lang/NoSuchMethodError': Method sun.misc.Unsafe.defineClass(Ljava/lang/String;[BII)Ljava/lang/Class; name or signature does not match> (0x00000000eab07ca8) thrown at [D:\src\AOSP-openjdk-cygwin\jdk8u\hotspot\src\share\vm\prims\jni.cpp, 
Event: 0.139 Thread 0x000000000051f000 Exception <a 'java/lang/NoSuchMethodError': Method sun.misc.Unsafe.prefetchRead(Ljava/lang/Object;J)V name or signature does not match> (0x00000000eab07f90) thrown at [D:\src\AOSP-openjdk-cygwin\jdk8u\hotspot\src\share\vm\prims\jni.cpp, line 4011]
Event: 3.564 Thread 0x0000000007464800 Implicit null exception at 0x000000000f3303d2 to 0x000000000f3304d9

Events (10 events):
Event: 7.421 Thread 0x00000000073a5800 DEOPT UNPACKING pc=0x000000000f05556a sp=0x000000000880e468 mode 2
Event: 7.422 Thread 0x00000000073a5800 Uncommon trap: trap_request=0xffffffc6 fr.pc=0x000000000f7dcc64
Event: 7.422 Thread 0x00000000073a5800 DEOPT PACKING pc=0x000000000f7dcc64 sp=0x000000000880e570
Event: 7.422 Thread 0x00000000073a5800 DEOPT UNPACKING pc=0x000000000f05556a sp=0x000000000880e548 mode 2
Event: 7.487 Thread 0x00000000073a5800 Uncommon trap: trap_request=0xffffff65 fr.pc=0x000000000f6ec1fc
Event: 7.487 Thread 0x00000000073a5800 DEOPT PACKING pc=0x000000000f6ec1fc sp=0x000000000880e7d0
Event: 7.487 Thread 0x00000000073a5800 DEOPT UNPACKING pc=0x000000000f05556a sp=0x000000000880e738 mode 2
Event: 7.487 Thread 0x00000000073a5800 Uncommon trap: trap_request=0xffffff65 fr.pc=0x000000000f631548
Event: 7.487 Thread 0x00000000073a5800 DEOPT PACKING pc=0x000000000f631548 sp=0x000000000880e790
Event: 7.487 Thread 0x00000000073a5800 DEOPT UNPACKING pc=0x000000000f05556a sp=0x000000000880e720 mode 2


Dynamic libraries:
0x000000013f140000 - 0x000000013f171000 	D:\androidstudio3.0\jre\bin\java.exe
0x0000000076f60000 - 0x00000000770ff000 	C:\Windows\SYSTEM32\ntdll.dll
0x0000000076e40000 - 0x0000000076f5f000 	C:\Windows\system32\kernel32.dll
0x000007fefcf60000 - 0x000007fefcfca000 	C:\Windows\system32\KERNELBASE.dll
0x000007fefefa0000 - 0x000007feff07b000 	C:\Windows\system32\ADVAPI32.dll
0x000007fefee50000 - 0x000007fefeeef000 	C:\Windows\system32\msvcrt.dll
0x000007feff110000 - 0x000007feff12f000 	C:\Windows\SYSTEM32\sechost.dll
0x000007fefe450000 - 0x000007fefe57d000 	C:\Windows\system32\RPCRT4.dll
0x0000000076d40000 - 0x0000000076e3a000 	C:\Windows\system32\USER32.dll
0x000007feff0a0000 - 0x000007feff107000 	C:\Windows\system32\GDI32.dll
0x000007fefee40000 - 0x000007fefee4e000 	C:\Windows\system32\LPK.dll
0x000007fefe380000 - 0x000007fefe44b000 	C:\Windows\system32\USP10.dll
0x000007fefaf50000 - 0x000007fefb144000 	C:\Windows\WinSxS\amd64_microsoft.windows.common-controls_6595b64144ccf1df_6.0.7601.18837_none_fa3b1e3d17594757\COMCTL32.dll
0x000007fefedc0000 - 0x000007fefee31000 	C:\Windows\system32\SHLWAPI.dll
0x000007fefed90000 - 0x000007fefedbe000 	C:\Windows\system32\IMM32.DLL
0x000007fefe820000 - 0x000007fefe929000 	C:\Windows\system32\MSCTF.dll
0x000007fefce10000 - 0x000007fefce41000 	C:\Windows\system32\nvinitx.dll
0x000007fefce00000 - 0x000007fefce0c000 	C:\Windows\system32\VERSION.dll
0x000000000f000000 - 0x000000000f006000 	C:\Program Files\NVIDIA Corporation\CoProcManager\detoured.dll
0x000007fefa100000 - 0x000007fefa132000 	C:\Program Files\NVIDIA Corporation\CoProcManager\nvd3d9wrapx.dll
0x000007fefe940000 - 0x000007fefeb17000 	C:\Windows\system32\SETUPAPI.dll
0x000007fefd220000 - 0x000007fefd256000 	C:\Windows\system32\CFGMGR32.dll
0x000007fefeb20000 - 0x000007fefebfa000 	C:\Windows\system32\OLEAUT32.dll
0x000007fefe620000 - 0x000007fefe81d000 	C:\Windows\system32\ole32.dll
0x000007fefcf40000 - 0x000007fefcf5a000 	C:\Windows\system32\DEVOBJ.dll
0x000007fefa0d0000 - 0x000007fefa0f2000 	C:\Program Files\NVIDIA Corporation\CoProcManager\nvdxgiwrapx.dll
0x000000006d4f0000 - 0x000000006d5c2000 	D:\androidstudio3.0\jre\jre\bin\msvcr100.dll
0x0000000066fe0000 - 0x000000006781e000 	D:\androidstudio3.0\jre\jre\bin\server\jvm.dll
0x000007fef5ee0000 - 0x000007fef5ee9000 	C:\Windows\system32\WSOCK32.dll
0x000007fefef50000 - 0x000007fefef9d000 	C:\Windows\system32\WS2_32.dll
0x000007fefe930000 - 0x000007fefe938000 	C:\Windows\system32\NSI.dll
0x000007fefa900000 - 0x000007fefa93b000 	C:\Windows\system32\WINMM.dll
0x0000000077100000 - 0x0000000077107000 	C:\Windows\system32\PSAPI.DLL
0x000007fefa4a0000 - 0x000007fefa4af000 	D:\androidstudio3.0\jre\jre\bin\verify.dll
0x000007fef6890000 - 0x000007fef68b9000 	D:\androidstudio3.0\jre\jre\bin\java.dll
0x000007fef66e0000 - 0x000007fef66f6000 	D:\androidstudio3.0\jre\jre\bin\zip.dll
0x000007fefd5f0000 - 0x000007fefe37b000 	C:\Windows\system32\SHELL32.dll
0x000007fefce50000 - 0x000007fefce5f000 	C:\Windows\system32\profapi.dll

VM Arguments:
jvm_args: -Djava.awt.headless=true -Xmx1024M -Dfile.encoding=GBK -Duser.country=CN -Duser.language=zh -Duser.variant 
java_command: com.android.dx.command.Main --dex --num-threads=4 --output E:\projectfromgithub\WhiteBoard-master\app\build\intermediates\pre-dexed\debug\com.android.support-support-v4-23.3.0_18575eafb203588e38560cd9bcb52dd1d14c9e3a.jar E:\projectfromgithub\WhiteBoard-master\app\build\intermediates\exploded-aar\com.android.support\support-v4\23.3.0\jars\classes.jar
java_class_path (initial): D:\androidstudio2.3\androidsdk\build-tools\23.0.2\lib\dx.jar
Launcher Type: SUN_STANDARD

Environment Variables:
JAVA_HOME=D:\java\jdk
CLASSPATH=.;D:\java\jdk\lib;D:\java\jdk\lib\tools.jar
PATH=C:\ProgramData\Oracle\Java\javapath;E:\nTurn\Goto;C:\Windows\system32;C:\Windows;C:\Windows\System32\Wbem;C:\Windows\System32\WindowsPowerShell\v1.0\;D:\java\jdk\bin;D:\java\jdk\jre\bin;%CATALINA_HOME%\bin;%CATALINA_HOME%\lib;E:\SDK\android-sdk_r24.1.2-windows\android-sdk-windows\platform-tools;D:\python;D:\nodejs\;D:\Git\bin;C:\Users\Administrator\AppData\Roaming\npm;C:\Users\Administrator\AppData\Local\GitHubDesktop\bin;D:\vscode\Microsoft VS Code\bin
USERNAME=Administrator
OS=Windows_NT
PROCESSOR_IDENTIFIER=Intel64 Family 6 Model 69 Stepping 1, GenuineIntel



---------------  S Y S T E M  ---------------

OS: Windows 7 , 64 bit Build 7601 (6.1.7601.24094)

CPU:total 4 (initial active 4) (2 cores per cpu, 2 threads per core) family 6 model 69 stepping 1, cmov, cx8, fxsr, mmx, sse, sse2, sse3, ssse3, sse4.1, sse4.2, popcnt, avx, avx2, aes, clmul, erms, lzcnt, ht, tsc, tscinvbit, bmi1, bmi2

Memory: 4k page, physical 6172056k(546328k free), swap 6170180k(5212k free)

vm_info: OpenJDK 64-Bit Server VM (25.152-b01) for windows-amd64 JRE (1.8.0_152-release-915-b01), built by "builder" with MS VC++ 10.0 (VS2010)

time: Sun May 13 02:51:43 2018
elapsed time: 7 seconds (0d 0h 0m 7s)

