#
# There is insufficient memory for the Java Runtime Environment to continue.
# Native memory allocation (malloc) failed to allocate 651056 bytes for Chunk::new
# Possible reasons:
#   The system is out of physical RAM or swap space
#   In 32 bit mode, the process size limit was hit
# Possible solutions:
#   Reduce memory load on the system
#   Increase physical memory or swap space
#   Check if swap backing store is full
#   Use 64 bit Java on a 64 bit OS
#   Decrease Java heap size (-Xmx/-Xms)
#   Decrease number of Java threads
#   Decrease Java thread stack sizes (-Xss)
#   Set larger code cache with -XX:ReservedCodeCacheSize=
# This output file may be truncated or incomplete.
#
#  Out of Memory Error (allocation.cpp:390), pid=9648, tid=0x0000000000002fa0
#
# JRE version: OpenJDK Runtime Environment (8.0_152-b01) (build 1.8.0_152-release-915-b01)
# Java VM: OpenJDK 64-Bit Server VM (25.152-b01 mixed mode windows-amd64 compressed oops)
# Failed to write core dump. Minidumps are not enabled by default on client versions of Windows
#

---------------  T H R E A D  ---------------

Current thread (0x0000000005bcc800):  JavaThread "C2 CompilerThread0" daemon [_thread_in_native, id=12192, stack(0x0000000007900000,0x0000000007a00000)]

Stack: [0x0000000007900000,0x0000000007a00000]
[error occurred during error reporting (printing stack bounds), id 0xc0000005]

Native frames: (J=compiled Java code, j=interpreted, Vv=VM code, C=native code)


Current CompileTask:
C2:   5144 1444       4       com.android.dx.rop.code.Rops::ropFor (771 bytes)


---------------  P R O C E S S  ---------------

Java Threads: ( => current thread )
  0x0000000007486800 JavaThread "pool-1-thread-4" [_thread_blocked, id=6596, stack(0x00000000085e0000,0x00000000086e0000)]
  0x000000000747d800 JavaThread "pool-1-thread-3" [_thread_blocked, id=8512, stack(0x0000000008410000,0x0000000008510000)]
  0x000000000747b800 JavaThread "pool-1-thread-2" [_thread_blocked, id=11096, stack(0x00000000081e0000,0x00000000082e0000)]
  0x000000000744f000 JavaThread "pool-2-thread-1" [_thread_blocked, id=9372, stack(0x0000000007f40000,0x0000000008040000)]
  0x000000000746d000 JavaThread "pool-1-thread-1" [_thread_blocked, id=3556, stack(0x0000000006d70000,0x0000000006e70000)]
  0x00000000071b2000 JavaThread "Service Thread" daemon [_thread_blocked, id=10096, stack(0x0000000007d40000,0x0000000007e40000)]
  0x00000000071ae000 JavaThread "C1 CompilerThread2" daemon [_thread_blocked, id=12140, stack(0x0000000007a80000,0x0000000007b80000)]
  0x00000000071ad000 JavaThread "C2 CompilerThread1" daemon [_thread_in_native, id=12392, stack(0x00000000075d0000,0x00000000076d0000)]
=>0x0000000005bcc800 JavaThread "C2 CompilerThread0" daemon [_thread_in_native, id=12192, stack(0x0000000007900000,0x0000000007a00000)]
  0x000000000719b800 JavaThread "Attach Listener" daemon [_thread_blocked, id=10752, stack(0x0000000006f70000,0x0000000007070000)]
  0x0000000005bbc800 JavaThread "Signal Dispatcher" daemon [_thread_blocked, id=12704, stack(0x0000000007720000,0x0000000007820000)]
  0x0000000005ba8000 JavaThread "Finalizer" daemon [_thread_blocked, id=10192, stack(0x0000000007090000,0x0000000007190000)]
  0x0000000005b61000 JavaThread "Reference Handler" daemon [_thread_blocked, id=3540, stack(0x0000000006e70000,0x0000000006f70000)]
  0x0000000001baf000 JavaThread "main" [_thread_blocked, id=6692, stack(0x0000000002340000,0x0000000002440000)]

Other Threads:
  0x0000000005b59800 VMThread [stack: 0x0000000006c70000,0x0000000006d70000] [id=8760]
  0x00000000071b5000 WatcherThread [stack: 0x0000000007bc0000,0x0000000007cc0000] [id=12812]

VM state:not at safepoint (normal execution)

VM Mutex/Monitor currently owned by a thread: None

Heap:
 PSYoungGen      total 28672K, used 23479K [0x00000000eab00000, 0x00000000ee300000, 0x0000000100000000)
  eden space 24576K, 78% used [0x00000000eab00000,0x00000000ebdee1f0,0x00000000ec300000)
  from space 4096K, 99% used [0x00000000ec300000,0x00000000ec6ffc98,0x00000000ec700000)
  to   space 4096K, 0% used [0x00000000edf00000,0x00000000edf00000,0x00000000ee300000)
 ParOldGen       total 65536K, used 1264K [0x00000000c0000000, 0x00000000c4000000, 0x00000000eab00000)
  object space 65536K, 1% used [0x00000000c0000000,0x00000000c013c300,0x00000000c4000000)
 Metaspace       used 6197K, capacity 7024K, committed 7296K, reserved 1056768K
  class space    used 592K, capacity 616K, committed 640K, reserved 1048576K

Card table byte_map: [0x0000000002800000,0x0000000002a10000] byte_map_base: 0x0000000002200000

Marking Bits: (ParMarkBitMap*) 0x00000000677a3950
 Begin Bits: [0x0000000002fd0000, 0x0000000003fd0000)
 End Bits:   [0x0000000003fd0000, 0x0000000004fd0000)

Polling page: 0x0000000001b50000

CodeCache: size=245760Kb used=6052Kb max_used=6065Kb free=239707Kb
 bounds [0x000000000f010000, 0x000000000f610000, 0x000000001e010000]
 total_blobs=1714 nmethods=1444 adapters=184
 compilation: enabled

Compilation events (10 events):
Event: 4.998 Thread 0x0000000005bcc800 nmethod 1442 0x000000000f5f9490 code [0x000000000f5f9600, 0x000000000f5f9b78]
Event: 4.999 Thread 0x00000000071ae000 1443       3       java.util.concurrent.locks.AbstractQueuedSynchronizer::compareAndSetState (13 bytes)
Event: 4.999 Thread 0x00000000071ae000 nmethod 1443 0x000000000f5f02d0 code [0x000000000f5f0420, 0x000000000f5f0590]
Event: 5.001 Thread 0x0000000005bcc800 1444       4       com.android.dx.rop.code.Rops::ropFor (771 bytes)
Event: 5.054 Thread 0x00000000071ad000 nmethod 1435 0x000000000f5fd590 code [0x000000000f5fdb60, 0x000000000f600808]
Event: 5.054 Thread 0x00000000071ad000 1445       4       com.android.dx.ssa.SsaBasicBlock::<init> (109 bytes)
Event: 5.065 Thread 0x00000000071ad000 nmethod 1445 0x000000000f5fc990 code [0x000000000f5fcb20, 0x000000000f5fd198]
Event: 5.065 Thread 0x00000000071ad000 1446       4       com.android.dx.ssa.SsaBasicBlock::exitBlockFixup (58 bytes)
Event: 5.077 Thread 0x00000000071ad000 nmethod 1446 0x000000000f5fbbd0 code [0x000000000f5fbd40, 0x000000000f5fc3b8]
Event: 5.104 Thread 0x00000000071ad000 1447       4       com.android.dx.ssa.Dominators::compress (229 bytes)

GC Heap History (2 events):
Event: 2.745 GC heap before
{Heap before GC invocations=1 (full 0):
 PSYoungGen      total 28672K, used 24576K [0x00000000eab00000, 0x00000000ecb00000, 0x0000000100000000)
  eden space 24576K, 100% used [0x00000000eab00000,0x00000000ec300000,0x00000000ec300000)
  from space 4096K, 0% used [0x00000000ec700000,0x00000000ec700000,0x00000000ecb00000)
  to   space 4096K, 0% used [0x00000000ec300000,0x00000000ec300000,0x00000000ec700000)
 ParOldGen       total 65536K, used 0K [0x00000000c0000000, 0x00000000c4000000, 0x00000000eab00000)
  object space 65536K, 0% used [0x00000000c0000000,0x00000000c0000000,0x00000000c4000000)
 Metaspace       used 6063K, capacity 6896K, committed 7040K, reserved 1056768K
  class space    used 589K, capacity 616K, committed 640K, reserved 1048576K
Event: 2.825 GC heap after
Heap after GC invocations=1 (full 0):
 PSYoungGen      total 28672K, used 4095K [0x00000000eab00000, 0x00000000ee300000, 0x0000000100000000)
  eden space 24576K, 0% used [0x00000000eab00000,0x00000000eab00000,0x00000000ec300000)
  from space 4096K, 99% used [0x00000000ec300000,0x00000000ec6ffc98,0x00000000ec700000)
  to   space 4096K, 0% used [0x00000000edf00000,0x00000000edf00000,0x00000000ee300000)
 ParOldGen       total 65536K, used 1264K [0x00000000c0000000, 0x00000000c4000000, 0x00000000eab00000)
  object space 65536K, 1% used [0x00000000c0000000,0x00000000c013c300,0x00000000c4000000)
 Metaspace       used 6063K, capacity 6896K, committed 7040K, reserved 1056768K
  class space    used 589K, capacity 616K, committed 640K, reserved 1048576K
}

Deoptimization events (10 events):
Event: 3.524 Thread 0x000000000746d000 Uncommon trap: reason=class_check action=maybe_recompile pc=0x000000000f48aa4c method=java.util.HashMap.putVal(ILjava/lang/Object;Ljava/lang/Object;ZZ)Ljava/lang/Object; @ 203
Event: 3.708 Thread 0x000000000746d000 Uncommon trap: reason=unstable_if action=reinterpret pc=0x000000000f34e45c method=com.android.dx.rop.code.RegisterSpecSet.put(Lcom/android/dx/rop/code/RegisterSpec;)V @ 77
Event: 3.708 Thread 0x000000000746d000 Uncommon trap: reason=unstable_if action=reinterpret pc=0x000000000f3eec0c method=com.android.dx.rop.code.RegisterSpecSet.put(Lcom/android/dx/rop/code/RegisterSpec;)V @ 77
Event: 3.712 Thread 0x000000000746d000 Uncommon trap: reason=bimorphic action=maybe_recompile pc=0x000000000f40b858 method=java.util.HashMap.getNode(ILjava/lang/Object;)Ljava/util/HashMap$Node; @ 126
Event: 3.713 Thread 0x000000000746d000 Uncommon trap: reason=class_check action=maybe_recompile pc=0x000000000f48aa4c method=java.util.HashMap.putVal(ILjava/lang/Object;Ljava/lang/Object;ZZ)Ljava/lang/Object; @ 203
Event: 3.713 Thread 0x000000000746d000 Uncommon trap: reason=bimorphic action=maybe_recompile pc=0x000000000f40b858 method=java.util.HashMap.getNode(ILjava/lang/Object;)Ljava/util/HashMap$Node; @ 126
Event: 3.713 Thread 0x000000000746d000 Uncommon trap: reason=class_check action=maybe_recompile pc=0x000000000f48aa4c method=java.util.HashMap.putVal(ILjava/lang/Object;Ljava/lang/Object;ZZ)Ljava/lang/Object; @ 203
Event: 3.713 Thread 0x000000000746d000 Uncommon trap: reason=bimorphic action=maybe_recompile pc=0x000000000f40b858 method=java.util.HashMap.getNode(ILjava/lang/Object;)Ljava/util/HashMap$Node; @ 126
Event: 3.713 Thread 0x000000000746d000 Uncommon trap: reason=class_check action=maybe_recompile pc=0x000000000f48aa4c method=java.util.HashMap.putVal(ILjava/lang/Object;Ljava/lang/Object;ZZ)Ljava/lang/Object; @ 203
Event: 3.713 Thread 0x000000000746d000 Uncommon trap: reason=bimorphic action=maybe_recompile pc=0x000000000f24a55c method=java.util.HashMap.getNode(ILjava/lang/Object;)Ljava/util/HashMap$Node; @ 126

Classes redefined (0 events):
No events

Internal exceptions (2 events):
Event: 0.081 Thread 0x0000000001baf000 Exception <a 'java/lang/NoSuchMethodError': Method sun.misc.Unsafe.defineClass(Ljava/lang/String;[BII)Ljava/lang/Class; name or signature does not match> (0x00000000eab07ca8) thrown at [D:\src\AOSP-openjdk-cygwin\jdk8u\hotspot\src\share\vm\prims\jni.cpp, 
Event: 0.081 Thread 0x0000000001baf000 Exception <a 'java/lang/NoSuchMethodError': Method sun.misc.Unsafe.prefetchRead(Ljava/lang/Object;J)V name or signature does not match> (0x00000000eab07f90) thrown at [D:\src\AOSP-openjdk-cygwin\jdk8u\hotspot\src\share\vm\prims\jni.cpp, line 4011]

Events (10 events):
Event: 4.015 Thread 0x000000000747b800 DEOPT PACKING pc=0x000000000f2b129d sp=0x00000000082dea50
Event: 4.015 Thread 0x000000000747b800 DEOPT UNPACKING pc=0x000000000f0575bf sp=0x00000000082de818 mode 0
Event: 4.143 loading class com/android/dx/dex/file/ParameterAnnotationStruct
Event: 4.143 loading class com/android/dx/dex/file/ParameterAnnotationStruct done
Event: 4.144 loading class com/android/dx/dex/file/UniformListItem
Event: 4.144 loading class com/android/dx/dex/file/UniformListItem done
Event: 4.144 loading class com/android/dx/dex/file/AnnotationSetRefItem
Event: 4.144 loading class com/android/dx/dex/file/AnnotationSetRefItem done
Event: 4.270 Executing VM operation: EnableBiasedLocking
Event: 4.773 Executing VM operation: EnableBiasedLocking done


Dynamic libraries:
0x000000013f140000 - 0x000000013f171000 	D:\androidstudio3.0\jre\bin\java.exe
0x0000000076f60000 - 0x00000000770ff000 	C:\Windows\SYSTEM32\ntdll.dll
0x0000000076e40000 - 0x0000000076f5f000 	C:\Windows\system32\kernel32.dll
0x000007fefcf60000 - 0x000007fefcfca000 	C:\Windows\system32\KERNELBASE.dll
0x000007fefefa0000 - 0x000007feff07b000 	C:\Windows\system32\ADVAPI32.dll
0x000007fefee50000 - 0x000007fefeeef000 	C:\Windows\system32\msvcrt.dll
0x000007feff110000 - 0x000007feff12f000 	C:\Windows\SYSTEM32\sechost.dll
0x000007fefe450000 - 0x000007fefe57d000 	C:\Windows\system32\RPCRT4.dll
0x0000000076d40000 - 0x0000000076e3a000 	C:\Windows\system32\USER32.dll
0x000007feff0a0000 - 0x000007feff107000 	C:\Windows\system32\GDI32.dll
0x000007fefee40000 - 0x000007fefee4e000 	C:\Windows\system32\LPK.dll
0x000007fefe380000 - 0x000007fefe44b000 	C:\Windows\system32\USP10.dll
0x000007fefaf50000 - 0x000007fefb144000 	C:\Windows\WinSxS\amd64_microsoft.windows.common-controls_6595b64144ccf1df_6.0.7601.18837_none_fa3b1e3d17594757\COMCTL32.dll
0x000007fefedc0000 - 0x000007fefee31000 	C:\Windows\system32\SHLWAPI.dll
0x000007fefed90000 - 0x000007fefedbe000 	C:\Windows\system32\IMM32.DLL
0x000007fefe820000 - 0x000007fefe929000 	C:\Windows\system32\MSCTF.dll
0x000007fefce10000 - 0x000007fefce41000 	C:\Windows\system32\nvinitx.dll
0x000007fefce00000 - 0x000007fefce0c000 	C:\Windows\system32\VERSION.dll
0x000000000f000000 - 0x000000000f006000 	C:\Program Files\NVIDIA Corporation\CoProcManager\detoured.dll
0x000007fefa100000 - 0x000007fefa132000 	C:\Program Files\NVIDIA Corporation\CoProcManager\nvd3d9wrapx.dll
0x000007fefe940000 - 0x000007fefeb17000 	C:\Windows\system32\SETUPAPI.dll
0x000007fefd220000 - 0x000007fefd256000 	C:\Windows\system32\CFGMGR32.dll
0x000007fefeb20000 - 0x000007fefebfa000 	C:\Windows\system32\OLEAUT32.dll
0x000007fefe620000 - 0x000007fefe81d000 	C:\Windows\system32\ole32.dll
0x000007fefcf40000 - 0x000007fefcf5a000 	C:\Windows\system32\DEVOBJ.dll
0x000007fefa0d0000 - 0x000007fefa0f2000 	C:\Program Files\NVIDIA Corporation\CoProcManager\nvdxgiwrapx.dll
0x000000006d4f0000 - 0x000000006d5c2000 	D:\androidstudio3.0\jre\jre\bin\msvcr100.dll
0x0000000066fe0000 - 0x000000006781e000 	D:\androidstudio3.0\jre\jre\bin\server\jvm.dll
0x000007fef5ee0000 - 0x000007fef5ee9000 	C:\Windows\system32\WSOCK32.dll
0x000007fefef50000 - 0x000007fefef9d000 	C:\Windows\system32\WS2_32.dll
0x000007fefe930000 - 0x000007fefe938000 	C:\Windows\system32\NSI.dll
0x000007fefa900000 - 0x000007fefa93b000 	C:\Windows\system32\WINMM.dll
0x0000000077100000 - 0x0000000077107000 	C:\Windows\system32\PSAPI.DLL
0x000007fefa4a0000 - 0x000007fefa4af000 	D:\androidstudio3.0\jre\jre\bin\verify.dll
0x000007fef6890000 - 0x000007fef68b9000 	D:\androidstudio3.0\jre\jre\bin\java.dll
0x000007fef66e0000 - 0x000007fef66f6000 	D:\androidstudio3.0\jre\jre\bin\zip.dll
0x000007fefd5f0000 - 0x000007fefe37b000 	C:\Windows\system32\SHELL32.dll
0x000007fefce50000 - 0x000007fefce5f000 	C:\Windows\system32\profapi.dll

VM Arguments:
jvm_args: -Djava.awt.headless=true -Xmx1024M -Dfile.encoding=GBK -Duser.country=CN -Duser.language=zh -Duser.variant 
java_command: com.android.dx.command.Main --dex --num-threads=4 --output E:\projectfromgithub\WhiteBoard-master\app\build\intermediates\pre-dexed\debug\com.android.support-recyclerview-v7-23.3.0_ca684db6d53cc73d5befbdf2dc4710ade49ed560.jar E:\projectfromgithub\WhiteBoard-master\app\build\intermediates\exploded-aar\com.android.support\recyclerview-v7\23.3.0\jars\classes.jar
java_class_path (initial): D:\androidstudio2.3\androidsdk\build-tools\23.0.2\lib\dx.jar
Launcher Type: SUN_STANDARD

Environment Variables:
JAVA_HOME=D:\java\jdk
CLASSPATH=.;D:\java\jdk\lib;D:\java\jdk\lib\tools.jar
PATH=C:\ProgramData\Oracle\Java\javapath;E:\nTurn\Goto;C:\Windows\system32;C:\Windows;C:\Windows\System32\Wbem;C:\Windows\System32\WindowsPowerShell\v1.0\;D:\java\jdk\bin;D:\java\jdk\jre\bin;%CATALINA_HOME%\bin;%CATALINA_HOME%\lib;E:\SDK\android-sdk_r24.1.2-windows\android-sdk-windows\platform-tools;D:\python;D:\nodejs\;D:\Git\bin;C:\Users\Administrator\AppData\Roaming\npm;C:\Users\Administrator\AppData\Local\GitHubDesktop\bin;D:\vscode\Microsoft VS Code\bin
USERNAME=Administrator
OS=Windows_NT
PROCESSOR_IDENTIFIER=Intel64 Family 6 Model 69 Stepping 1, GenuineIntel



---------------  S Y S T E M  ---------------

OS: Windows 7 , 64 bit Build 7601 (6.1.7601.24094)

CPU:total 4 (initial active 4) (2 cores per cpu, 2 threads per core) family 6 model 69 stepping 1, cmov, cx8, fxsr, mmx, sse, sse2, sse3, ssse3, sse4.1, sse4.2, popcnt, avx, avx2, aes, clmul, erms, lzcnt, ht, tsc, tscinvbit, bmi1, bmi2

Memory: 4k page, physical 6172056k(638268k free), swap 6170180k(3388k free)

vm_info: OpenJDK 64-Bit Server VM (25.152-b01) for windows-amd64 JRE (1.8.0_152-release-915-b01), built by "builder" with MS VC++ 10.0 (VS2010)

time: Sun May 13 02:52:45 2018
elapsed time: 5 seconds (0d 0h 0m 5s)

