#
# There is insufficient memory for the Java Runtime Environment to continue.
# Native memory allocation (malloc) failed to allocate 65552 bytes for Chunk::new
# Possible reasons:
#   The system is out of physical RAM or swap space
#   In 32 bit mode, the process size limit was hit
# Possible solutions:
#   Reduce memory load on the system
#   Increase physical memory or swap space
#   Check if swap backing store is full
#   Use 64 bit Java on a 64 bit OS
#   Decrease Java heap size (-Xmx/-Xms)
#   Decrease number of Java threads
#   Decrease Java thread stack sizes (-Xss)
#   Set larger code cache with -XX:ReservedCodeCacheSize=
# This output file may be truncated or incomplete.
#
#  Out of Memory Error (allocation.cpp:390), pid=13096, tid=0x0000000000000ac0
#
# JRE version: OpenJDK Runtime Environment (8.0_152-b01) (build 1.8.0_152-release-915-b01)
# Java VM: OpenJDK 64-Bit Server VM (25.152-b01 mixed mode windows-amd64 compressed oops)
# Failed to write core dump. Minidumps are not enabled by default on client versions of Windows
#

---------------  T H R E A D  ---------------

Current thread (0x000000000707d000):  JavaThread "C2 CompilerThread1" daemon [_thread_in_native, id=2752, stack(0x0000000007490000,0x0000000007590000)]

Stack: [0x0000000007490000,0x0000000007590000]
[error occurred during error reporting (printing stack bounds), id 0xc0000005]

Native frames: (J=compiled Java code, j=interpreted, Vv=VM code, C=native code)


Current CompileTask:
C2:   5172 1474       4       com.android.dx.ssa.SCCP::simulatePhi (169 bytes)


---------------  P R O C E S S  ---------------

Java Threads: ( => current thread )
  0x00000000072b8800 JavaThread "pool-1-thread-4" [_thread_blocked, id=6360, stack(0x0000000008550000,0x0000000008650000)]
  0x00000000072b5800 JavaThread "pool-1-thread-3" [_thread_blocked, id=7508, stack(0x00000000082c0000,0x00000000083c0000)]
  0x00000000072b4800 JavaThread "pool-1-thread-2" [_thread_blocked, id=4284, stack(0x0000000007f10000,0x0000000008010000)]
  0x00000000072b1800 JavaThread "pool-2-thread-1" [_thread_blocked, id=11748, stack(0x0000000008170000,0x0000000008270000)]
  0x00000000072ae800 JavaThread "pool-1-thread-1" [_thread_blocked, id=10980, stack(0x0000000008040000,0x0000000008140000)]
  0x0000000007082000 JavaThread "Service Thread" daemon [_thread_blocked, id=4712, stack(0x0000000007e10000,0x0000000007f10000)]
  0x000000000707e000 JavaThread "C1 CompilerThread2" daemon [_thread_blocked, id=8888, stack(0x0000000007c20000,0x0000000007d20000)]
=>0x000000000707d000 JavaThread "C2 CompilerThread1" daemon [_thread_in_native, id=2752, stack(0x0000000007490000,0x0000000007590000)]
  0x0000000005e5c800 JavaThread "C2 CompilerThread0" daemon [_thread_blocked, id=8804, stack(0x0000000007930000,0x0000000007a30000)]
  0x000000000706b800 JavaThread "Attach Listener" daemon [_thread_blocked, id=10200, stack(0x0000000007780000,0x0000000007880000)]
  0x0000000005e4c800 JavaThread "Signal Dispatcher" daemon [_thread_blocked, id=9680, stack(0x00000000075d0000,0x00000000076d0000)]
  0x0000000005e38000 JavaThread "Finalizer" daemon [_thread_blocked, id=12788, stack(0x0000000006cb0000,0x0000000006db0000)]
  0x0000000005df1000 JavaThread "Reference Handler" daemon [_thread_blocked, id=4772, stack(0x0000000006f60000,0x0000000007060000)]
  0x0000000001fef000 JavaThread "main" [_thread_in_Java, id=7124, stack(0x0000000002350000,0x0000000002450000)]

Other Threads:
  0x0000000005de9800 VMThread [stack: 0x0000000006e00000,0x0000000006f00000] [id=10508]
  0x0000000007084800 WatcherThread [stack: 0x0000000007ae0000,0x0000000007be0000] [id=8932]

VM state:not at safepoint (normal execution)

VM Mutex/Monitor currently owned by a thread: None

Heap:
 PSYoungGen      total 53248K, used 17842K [0x00000000eab00000, 0x00000000ee300000, 0x0000000100000000)
  eden space 49152K, 28% used [0x00000000eab00000,0x00000000eb873468,0x00000000edb00000)
  from space 4096K, 99% used [0x00000000edf00000,0x00000000ee2f95e0,0x00000000ee300000)
  to   space 4096K, 0% used [0x00000000edb00000,0x00000000edb00000,0x00000000edf00000)
 ParOldGen       total 65536K, used 4783K [0x00000000c0000000, 0x00000000c4000000, 0x00000000eab00000)
  object space 65536K, 7% used [0x00000000c0000000,0x00000000c04abfe8,0x00000000c4000000)
 Metaspace       used 6251K, capacity 7088K, committed 7296K, reserved 1056768K
  class space    used 593K, capacity 616K, committed 640K, reserved 1048576K

Card table byte_map: [0x0000000002810000,0x0000000002a20000] byte_map_base: 0x0000000002210000

Marking Bits: (ParMarkBitMap*) 0x00000000677a3950
 Begin Bits: [0x0000000003260000, 0x0000000004260000)
 End Bits:   [0x0000000004260000, 0x0000000005260000)

Polling page: 0x0000000001c50000

CodeCache: size=245760Kb used=6374Kb max_used=6390Kb free=239385Kb
 bounds [0x000000000f010000, 0x000000000f660000, 0x000000001e010000]
 total_blobs=1773 nmethods=1503 adapters=184
 compilation: enabled

Compilation events (10 events):
Event: 5.148 Thread 0x000000000707e000 1511       3       com.android.dx.ssa.back.FirstFitLocalCombiningAllocator::isEven (12 bytes)
Event: 5.148 Thread 0x000000000707e000 nmethod 1511 0x000000000f649310 code [0x000000000f649460, 0x000000000f6495f0]
Event: 5.148 Thread 0x000000000707e000 1501       3       com.android.dx.rop.code.RegisterSpec::withLocalItem (41 bytes)
Event: 5.149 Thread 0x000000000707e000 nmethod 1501 0x000000000f649690 code [0x000000000f649820, 0x000000000f649d18]
Event: 5.149 Thread 0x000000000707e000 1512       3       com.android.dx.rop.code.BasicBlockList$RegCountVisitor::visitThrowingInsn (6 bytes)
Event: 5.149 Thread 0x000000000707e000 nmethod 1512 0x000000000f649e90 code [0x000000000f64a000, 0x000000000f64a188]
Event: 5.152 Thread 0x000000000707e000 1513       3       com.android.dx.ssa.Dominators::<init> (55 bytes)
Event: 5.153 Thread 0x000000000707e000 nmethod 1513 0x000000000f64b710 code [0x000000000f64b8a0, 0x000000000f64bdd0]
Event: 5.155 Thread 0x000000000707d000 nmethod 1468 0x000000000f64ec90 code [0x000000000f64eec0, 0x000000000f650388]
Event: 5.155 Thread 0x000000000707d000 1474       4       com.android.dx.ssa.SCCP::simulatePhi (169 bytes)

GC Heap History (4 events):
Event: 2.504 GC heap before
{Heap before GC invocations=1 (full 0):
 PSYoungGen      total 28672K, used 24576K [0x00000000eab00000, 0x00000000ecb00000, 0x0000000100000000)
  eden space 24576K, 100% used [0x00000000eab00000,0x00000000ec300000,0x00000000ec300000)
  from space 4096K, 0% used [0x00000000ec700000,0x00000000ec700000,0x00000000ecb00000)
  to   space 4096K, 0% used [0x00000000ec300000,0x00000000ec300000,0x00000000ec700000)
 ParOldGen       total 65536K, used 0K [0x00000000c0000000, 0x00000000c4000000, 0x00000000eab00000)
  object space 65536K, 0% used [0x00000000c0000000,0x00000000c0000000,0x00000000c4000000)
 Metaspace       used 5986K, capacity 6832K, committed 7040K, reserved 1056768K
  class space    used 591K, capacity 616K, committed 640K, reserved 1048576K
Event: 2.848 GC heap after
Heap after GC invocations=1 (full 0):
 PSYoungGen      total 28672K, used 4065K [0x00000000eab00000, 0x00000000ee300000, 0x0000000100000000)
  eden space 24576K, 0% used [0x00000000eab00000,0x00000000eab00000,0x00000000ec300000)
  from space 4096K, 99% used [0x00000000ec300000,0x00000000ec6f8458,0x00000000ec700000)
  to   space 4096K, 0% used [0x00000000edf00000,0x00000000edf00000,0x00000000ee300000)
 ParOldGen       total 65536K, used 1152K [0x00000000c0000000, 0x00000000c4000000, 0x00000000eab00000)
  object space 65536K, 1% used [0x00000000c0000000,0x00000000c0120090,0x00000000c4000000)
 Metaspace       used 5986K, capacity 6832K, committed 7040K, reserved 1056768K
  class space    used 591K, capacity 616K, committed 640K, reserved 1048576K
}
Event: 4.782 GC heap before
{Heap before GC invocations=2 (full 0):
 PSYoungGen      total 28672K, used 28641K [0x00000000eab00000, 0x00000000ee300000, 0x0000000100000000)
  eden space 24576K, 100% used [0x00000000eab00000,0x00000000ec300000,0x00000000ec300000)
  from space 4096K, 99% used [0x00000000ec300000,0x00000000ec6f8458,0x00000000ec700000)
  to   space 4096K, 0% used [0x00000000edf00000,0x00000000edf00000,0x00000000ee300000)
 ParOldGen       total 65536K, used 1152K [0x00000000c0000000, 0x00000000c4000000, 0x00000000eab00000)
  object space 65536K, 1% used [0x00000000c0000000,0x00000000c0120090,0x00000000c4000000)
 Metaspace       used 6245K, capacity 7088K, committed 7296K, reserved 1056768K
  class space    used 593K, capacity 616K, committed 640K, reserved 1048576K
Event: 5.083 GC heap after
Heap after GC invocations=2 (full 0):
 PSYoungGen      total 53248K, used 4069K [0x00000000eab00000, 0x00000000ee300000, 0x0000000100000000)
  eden space 49152K, 0% used [0x00000000eab00000,0x00000000eab00000,0x00000000edb00000)
  from space 4096K, 99% used [0x00000000edf00000,0x00000000ee2f95e0,0x00000000ee300000)
  to   space 4096K, 0% used [0x00000000edb00000,0x00000000edb00000,0x00000000edf00000)
 ParOldGen       total 65536K, used 4783K [0x00000000c0000000, 0x00000000c4000000, 0x00000000eab00000)
  object space 65536K, 7% used [0x00000000c0000000,0x00000000c04abfe8,0x00000000c4000000)
 Metaspace       used 6245K, capacity 7088K, committed 7296K, reserved 1056768K
  class space    used 593K, capacity 616K, committed 640K, reserved 1048576K
}

Deoptimization events (10 events):
Event: 4.621 Thread 0x0000000001fef000 Uncommon trap: reason=unloaded action=reinterpret pc=0x000000000f52aad0 method=com.android.dx.cf.cst.ConstantPoolParser.parse0(ILjava/util/BitSet;)Lcom/android/dx/rop/cst/Constant; @ 220
Event: 4.744 Thread 0x0000000001fef000 Uncommon trap: reason=bimorphic action=maybe_recompile pc=0x000000000f53d5e4 method=com.android.dx.ssa.SCCP.simulatePhi(Lcom/android/dx/ssa/PhiInsn;)V @ 124
Event: 5.096 Thread 0x0000000001fef000 Uncommon trap: reason=bimorphic action=maybe_recompile pc=0x000000000f53d5e4 method=com.android.dx.ssa.SCCP.simulatePhi(Lcom/android/dx/ssa/PhiInsn;)V @ 124
Event: 5.114 Thread 0x0000000001fef000 Uncommon trap: reason=bimorphic action=maybe_recompile pc=0x000000000f62cf0c method=com.android.dx.cf.code.BytecodeArray.parseInstruction(ILcom/android/dx/cf/code/BytecodeArray$Visitor;)I @ 1130
Event: 5.114 Thread 0x0000000001fef000 Uncommon trap: reason=bimorphic action=maybe_recompile pc=0x000000000f62cf0c method=com.android.dx.cf.code.BytecodeArray.parseInstruction(ILcom/android/dx/cf/code/BytecodeArray$Visitor;)I @ 1130
Event: 5.114 Thread 0x0000000001fef000 Uncommon trap: reason=bimorphic action=maybe_recompile pc=0x000000000f62cf0c method=com.android.dx.cf.code.BytecodeArray.parseInstruction(ILcom/android/dx/cf/code/BytecodeArray$Visitor;)I @ 1130
Event: 5.114 Thread 0x0000000001fef000 Uncommon trap: reason=bimorphic action=maybe_recompile pc=0x000000000f62cf0c method=com.android.dx.cf.code.BytecodeArray.parseInstruction(ILcom/android/dx/cf/code/BytecodeArray$Visitor;)I @ 1130
Event: 5.143 Thread 0x0000000001fef000 Uncommon trap: reason=bimorphic action=maybe_recompile pc=0x000000000f278810 method=java.util.HashMap.getNode(ILjava/lang/Object;)Ljava/util/HashMap$Node; @ 126
Event: 5.143 Thread 0x0000000001fef000 Uncommon trap: reason=class_check action=maybe_recompile pc=0x000000000f344040 method=java.util.HashMap.putVal(ILjava/lang/Object;Ljava/lang/Object;ZZ)Ljava/lang/Object; @ 203
Event: 5.144 Thread 0x0000000001fef000 Uncommon trap: reason=unstable_if action=reinterpret pc=0x000000000f522768 method=com.android.dx.util.BitIntSet.has(I)Z @ 8

Classes redefined (0 events):
No events

Internal exceptions (4 events):
Event: 0.270 Thread 0x0000000001fef000 Exception <a 'java/lang/NoSuchMethodError': Method sun.misc.Unsafe.defineClass(Ljava/lang/String;[BII)Ljava/lang/Class; name or signature does not match> (0x00000000eab07ca8) thrown at [D:\src\AOSP-openjdk-cygwin\jdk8u\hotspot\src\share\vm\prims\jni.cpp, 
Event: 0.270 Thread 0x0000000001fef000 Exception <a 'java/lang/NoSuchMethodError': Method sun.misc.Unsafe.prefetchRead(Ljava/lang/Object;J)V name or signature does not match> (0x00000000eab07f90) thrown at [D:\src\AOSP-openjdk-cygwin\jdk8u\hotspot\src\share\vm\prims\jni.cpp, line 4011]
Event: 2.249 Thread 0x00000000072b8800 Implicit null exception at 0x000000000f28d218 to 0x000000000f28fdf1
Event: 2.249 Thread 0x00000000072b8800 Implicit null exception at 0x000000000f27e29d to 0x000000000f280bcd

Events (10 events):
Event: 5.114 Thread 0x0000000001fef000 DEOPT UNPACKING pc=0x000000000f05556a sp=0x000000000244e2d8 mode 2
Event: 5.143 Thread 0x0000000001fef000 Uncommon trap: trap_request=0xffffffc6 fr.pc=0x000000000f278810
Event: 5.143 Thread 0x0000000001fef000 DEOPT PACKING pc=0x000000000f278810 sp=0x000000000244e540
Event: 5.143 Thread 0x0000000001fef000 DEOPT UNPACKING pc=0x000000000f05556a sp=0x000000000244e4c0 mode 2
Event: 5.143 Thread 0x0000000001fef000 Uncommon trap: trap_request=0xffffffde fr.pc=0x000000000f344040
Event: 5.143 Thread 0x0000000001fef000 DEOPT PACKING pc=0x000000000f344040 sp=0x000000000244e510
Event: 5.143 Thread 0x0000000001fef000 DEOPT UNPACKING pc=0x000000000f05556a sp=0x000000000244e498 mode 2
Event: 5.144 Thread 0x0000000001fef000 Uncommon trap: trap_request=0xffffff65 fr.pc=0x000000000f522768
Event: 5.144 Thread 0x0000000001fef000 DEOPT PACKING pc=0x000000000f522768 sp=0x000000000244e5c0
Event: 5.144 Thread 0x0000000001fef000 DEOPT UNPACKING pc=0x000000000f05556a sp=0x000000000244e4f8 mode 2


Dynamic libraries:
0x000000013f140000 - 0x000000013f171000 	D:\androidstudio3.0\jre\bin\java.exe
0x0000000076f60000 - 0x00000000770ff000 	C:\Windows\SYSTEM32\ntdll.dll
0x0000000076e40000 - 0x0000000076f5f000 	C:\Windows\system32\kernel32.dll
0x000007fefcf60000 - 0x000007fefcfca000 	C:\Windows\system32\KERNELBASE.dll
0x000007fefefa0000 - 0x000007feff07b000 	C:\Windows\system32\ADVAPI32.dll
0x000007fefee50000 - 0x000007fefeeef000 	C:\Windows\system32\msvcrt.dll
0x000007feff110000 - 0x000007feff12f000 	C:\Windows\SYSTEM32\sechost.dll
0x000007fefe450000 - 0x000007fefe57d000 	C:\Windows\system32\RPCRT4.dll
0x0000000076d40000 - 0x0000000076e3a000 	C:\Windows\system32\USER32.dll
0x000007feff0a0000 - 0x000007feff107000 	C:\Windows\system32\GDI32.dll
0x000007fefee40000 - 0x000007fefee4e000 	C:\Windows\system32\LPK.dll
0x000007fefe380000 - 0x000007fefe44b000 	C:\Windows\system32\USP10.dll
0x000007fefaf50000 - 0x000007fefb144000 	C:\Windows\WinSxS\amd64_microsoft.windows.common-controls_6595b64144ccf1df_6.0.7601.18837_none_fa3b1e3d17594757\COMCTL32.dll
0x000007fefedc0000 - 0x000007fefee31000 	C:\Windows\system32\SHLWAPI.dll
0x000007fefed90000 - 0x000007fefedbe000 	C:\Windows\system32\IMM32.DLL
0x000007fefe820000 - 0x000007fefe929000 	C:\Windows\system32\MSCTF.dll
0x000007fefce10000 - 0x000007fefce41000 	C:\Windows\system32\nvinitx.dll
0x000007fefce00000 - 0x000007fefce0c000 	C:\Windows\system32\VERSION.dll
0x000000000f000000 - 0x000000000f006000 	C:\Program Files\NVIDIA Corporation\CoProcManager\detoured.dll
0x000007fefa100000 - 0x000007fefa132000 	C:\Program Files\NVIDIA Corporation\CoProcManager\nvd3d9wrapx.dll
0x000007fefe940000 - 0x000007fefeb17000 	C:\Windows\system32\SETUPAPI.dll
0x000007fefd220000 - 0x000007fefd256000 	C:\Windows\system32\CFGMGR32.dll
0x000007fefeb20000 - 0x000007fefebfa000 	C:\Windows\system32\OLEAUT32.dll
0x000007fefe620000 - 0x000007fefe81d000 	C:\Windows\system32\ole32.dll
0x000007fefcf40000 - 0x000007fefcf5a000 	C:\Windows\system32\DEVOBJ.dll
0x000007fefa0d0000 - 0x000007fefa0f2000 	C:\Program Files\NVIDIA Corporation\CoProcManager\nvdxgiwrapx.dll
0x000000006d4f0000 - 0x000000006d5c2000 	D:\androidstudio3.0\jre\jre\bin\msvcr100.dll
0x0000000066fe0000 - 0x000000006781e000 	D:\androidstudio3.0\jre\jre\bin\server\jvm.dll
0x000007fef5ee0000 - 0x000007fef5ee9000 	C:\Windows\system32\WSOCK32.dll
0x000007fefef50000 - 0x000007fefef9d000 	C:\Windows\system32\WS2_32.dll
0x000007fefe930000 - 0x000007fefe938000 	C:\Windows\system32\NSI.dll
0x000007fefa900000 - 0x000007fefa93b000 	C:\Windows\system32\WINMM.dll
0x0000000077100000 - 0x0000000077107000 	C:\Windows\system32\PSAPI.DLL
0x000007fefa4a0000 - 0x000007fefa4af000 	D:\androidstudio3.0\jre\jre\bin\verify.dll
0x000007fef6890000 - 0x000007fef68b9000 	D:\androidstudio3.0\jre\jre\bin\java.dll
0x000007fef66e0000 - 0x000007fef66f6000 	D:\androidstudio3.0\jre\jre\bin\zip.dll
0x000007fefd5f0000 - 0x000007fefe37b000 	C:\Windows\system32\SHELL32.dll
0x000007fefce50000 - 0x000007fefce5f000 	C:\Windows\system32\profapi.dll

VM Arguments:
jvm_args: -Djava.awt.headless=true -Xmx1024M -Dfile.encoding=GBK -Duser.country=CN -Duser.language=zh -Duser.variant 
java_command: com.android.dx.command.Main --dex --num-threads=4 --output E:\projectfromgithub\WhiteBoard-master\app\build\intermediates\pre-dexed\debug\com.yinghe-whiteboardlib-1.1.1_fb736f4b6a90d041281a1d27626cd98e8012649c.jar E:\projectfromgithub\WhiteBoard-master\app\build\intermediates\exploded-aar\com.yinghe\whiteboardlib\1.1.1\jars\classes.jar
java_class_path (initial): D:\androidstudio2.3\androidsdk\build-tools\23.0.2\lib\dx.jar
Launcher Type: SUN_STANDARD

Environment Variables:
JAVA_HOME=D:\java\jdk
CLASSPATH=.;D:\java\jdk\lib;D:\java\jdk\lib\tools.jar
PATH=C:\ProgramData\Oracle\Java\javapath;E:\nTurn\Goto;C:\Windows\system32;C:\Windows;C:\Windows\System32\Wbem;C:\Windows\System32\WindowsPowerShell\v1.0\;D:\java\jdk\bin;D:\java\jdk\jre\bin;%CATALINA_HOME%\bin;%CATALINA_HOME%\lib;E:\SDK\android-sdk_r24.1.2-windows\android-sdk-windows\platform-tools;D:\python;D:\nodejs\;D:\Git\bin;C:\Users\Administrator\AppData\Roaming\npm;C:\Users\Administrator\AppData\Local\GitHubDesktop\bin;D:\vscode\Microsoft VS Code\bin
USERNAME=Administrator
OS=Windows_NT
PROCESSOR_IDENTIFIER=Intel64 Family 6 Model 69 Stepping 1, GenuineIntel



---------------  S Y S T E M  ---------------

OS: Windows 7 , 64 bit Build 7601 (6.1.7601.24094)

CPU:total 4 (initial active 4) (2 cores per cpu, 2 threads per core) family 6 model 69 stepping 1, cmov, cx8, fxsr, mmx, sse, sse2, sse3, ssse3, sse4.1, sse4.2, popcnt, avx, avx2, aes, clmul, erms, lzcnt, ht, tsc, tscinvbit, bmi1, bmi2

Memory: 4k page, physical 6172056k(640852k free), swap 6170180k(3988k free)

vm_info: OpenJDK 64-Bit Server VM (25.152-b01) for windows-amd64 JRE (1.8.0_152-release-915-b01), built by "builder" with MS VC++ 10.0 (VS2010)

time: Sun May 13 02:52:46 2018
elapsed time: 5 seconds (0d 0h 0m 5s)

