#
# There is insufficient memory for the Java Runtime Environment to continue.
# Native memory allocation (malloc) failed to allocate 128480 bytes for Chunk::new
# Possible reasons:
#   The system is out of physical RAM or swap space
#   In 32 bit mode, the process size limit was hit
# Possible solutions:
#   Reduce memory load on the system
#   Increase physical memory or swap space
#   Check if swap backing store is full
#   Use 64 bit Java on a 64 bit OS
#   Decrease Java heap size (-Xmx/-Xms)
#   Decrease number of Java threads
#   Decrease Java thread stack sizes (-Xss)
#   Set larger code cache with -XX:ReservedCodeCacheSize=
# This output file may be truncated or incomplete.
#
#  Out of Memory Error (allocation.cpp:390), pid=9028, tid=0x00000000000005e8
#
# JRE version: OpenJDK Runtime Environment (8.0_152-b01) (build 1.8.0_152-release-915-b01)
# Java VM: OpenJDK 64-Bit Server VM (25.152-b01 mixed mode windows-amd64 compressed oops)
# Failed to write core dump. Minidumps are not enabled by default on client versions of Windows
#

---------------  T H R E A D  ---------------

Current thread (0x00000000072df000):  JavaThread "C2 CompilerThread1" daemon [_thread_in_native, id=1512, stack(0x0000000007be0000,0x0000000007ce0000)]

Stack: [0x0000000007be0000,0x0000000007ce0000]
[error occurred during error reporting (printing stack bounds), id 0xc0000005]

Native frames: (J=compiled Java code, j=interpreted, Vv=VM code, C=native code)


Current CompileTask:
C2:   3630 1320   !   4       com.android.dx.cf.cst.ConstantPoolParser::parse0 (731 bytes)


---------------  P R O C E S S  ---------------

Java Threads: ( => current thread )
  0x000000000752a000 JavaThread "pool-1-thread-4" [_thread_blocked, id=9492, stack(0x00000000087e0000,0x00000000088e0000)]
  0x0000000007521000 JavaThread "pool-1-thread-3" [_thread_blocked, id=12556, stack(0x0000000008530000,0x0000000008630000)]
  0x00000000074ae800 JavaThread "pool-1-thread-2" [_thread_blocked, id=9008, stack(0x0000000008400000,0x0000000008500000)]
  0x00000000074ae000 JavaThread "pool-2-thread-1" [_thread_blocked, id=7956, stack(0x0000000008290000,0x0000000008390000)]
  0x00000000074ad000 JavaThread "pool-1-thread-1" [_thread_blocked, id=10620, stack(0x00000000080e0000,0x00000000081e0000)]
  0x00000000072e4800 JavaThread "Service Thread" daemon [_thread_blocked, id=10768, stack(0x0000000007d90000,0x0000000007e90000)]
  0x00000000072e0000 JavaThread "C1 CompilerThread2" daemon [_thread_blocked, id=10588, stack(0x0000000007900000,0x0000000007a00000)]
=>0x00000000072df000 JavaThread "C2 CompilerThread1" daemon [_thread_in_native, id=1512, stack(0x0000000007be0000,0x0000000007ce0000)]
  0x0000000005e1e800 JavaThread "C2 CompilerThread0" daemon [_thread_blocked, id=6284, stack(0x0000000007a30000,0x0000000007b30000)]
  0x00000000072cb800 JavaThread "Attach Listener" daemon [_thread_blocked, id=11552, stack(0x00000000077d0000,0x00000000078d0000)]
  0x0000000005e0c800 JavaThread "Signal Dispatcher" daemon [_thread_blocked, id=9236, stack(0x0000000006d10000,0x0000000006e10000)]
  0x0000000005df8000 JavaThread "Finalizer" daemon [_thread_blocked, id=12272, stack(0x00000000071c0000,0x00000000072c0000)]
  0x0000000005db1000 JavaThread "Reference Handler" daemon [_thread_blocked, id=10504, stack(0x0000000006ff0000,0x00000000070f0000)]
  0x000000000010f000 JavaThread "main" [_thread_in_Java, id=9412, stack(0x0000000002270000,0x0000000002370000)]

Other Threads:
  0x0000000005da9800 VMThread [stack: 0x0000000006e60000,0x0000000006f60000] [id=9404]
  0x00000000072e7000 WatcherThread [stack: 0x0000000007ef0000,0x0000000007ff0000] [id=5776]

VM state:not at safepoint (normal execution)

VM Mutex/Monitor currently owned by a thread: None

Heap:
 PSYoungGen      total 28672K, used 13468K [0x00000000eab00000, 0x00000000ee300000, 0x0000000100000000)
  eden space 24576K, 38% used [0x00000000eab00000,0x00000000eb427660,0x00000000ec300000)
  from space 4096K, 99% used [0x00000000ec300000,0x00000000ec6ffc98,0x00000000ec700000)
  to   space 4096K, 0% used [0x00000000edf00000,0x00000000edf00000,0x00000000ee300000)
 ParOldGen       total 65536K, used 1423K [0x00000000c0000000, 0x00000000c4000000, 0x00000000eab00000)
  object space 65536K, 2% used [0x00000000c0000000,0x00000000c0163de8,0x00000000c4000000)
 Metaspace       used 6107K, capacity 6960K, committed 7040K, reserved 1056768K
  class space    used 589K, capacity 616K, committed 640K, reserved 1048576K

Card table byte_map: [0x0000000002730000,0x0000000002940000] byte_map_base: 0x0000000002130000

Marking Bits: (ParMarkBitMap*) 0x00000000677a3950
 Begin Bits: [0x0000000003220000, 0x0000000004220000)
 End Bits:   [0x0000000004220000, 0x0000000005220000)

Polling page: 0x0000000000130000

CodeCache: size=245760Kb used=5390Kb max_used=5432Kb free=240369Kb
 bounds [0x000000000f010000, 0x000000000f570000, 0x000000001e010000]
 total_blobs=1588 nmethods=1318 adapters=184
 compilation: enabled

Compilation events (10 events):
Event: 3.529 Thread 0x00000000072e0000 nmethod 1316 0x000000000f5309d0 code [0x000000000f530b20, 0x000000000f530d10]
Event: 3.529 Thread 0x00000000072e0000 1311       3       java.util.concurrent.locks.AbstractQueuedSynchronizer::release (33 bytes)
Event: 3.529 Thread 0x00000000072e0000 nmethod 1311 0x000000000f539b10 code [0x000000000f539c80, 0x000000000f539f98]
Event: 3.529 Thread 0x00000000072e0000 1317       1       java.util.HashMap$Node::getValue (5 bytes)
Event: 3.529 Thread 0x00000000072e0000 nmethod 1317 0x000000000f524a50 code [0x000000000f524ba0, 0x000000000f524cb0]
Event: 3.577 Thread 0x00000000072df000 nmethod 1313 0x000000000f54e450 code [0x000000000f54e6c0, 0x000000000f54fe80]
Event: 3.587 Thread 0x00000000072df000 1320   !   4       com.android.dx.cf.cst.ConstantPoolParser::parse0 (731 bytes)
Event: 3.592 Thread 0x0000000005e1e800 nmethod 1305 0x000000000f552410 code [0x000000000f553c40, 0x000000000f55cae8]
Event: 3.604 Thread 0x00000000072e0000 1321       3       java.util.concurrent.locks.AbstractQueuedSynchronizer::compareAndSetState (13 bytes)
Event: 3.605 Thread 0x00000000072e0000 nmethod 1321 0x000000000f529290 code [0x000000000f5293e0, 0x000000000f529550]

GC Heap History (2 events):
Event: 1.688 GC heap before
{Heap before GC invocations=1 (full 0):
 PSYoungGen      total 28672K, used 24576K [0x00000000eab00000, 0x00000000ecb00000, 0x0000000100000000)
  eden space 24576K, 100% used [0x00000000eab00000,0x00000000ec300000,0x00000000ec300000)
  from space 4096K, 0% used [0x00000000ec700000,0x00000000ec700000,0x00000000ecb00000)
  to   space 4096K, 0% used [0x00000000ec300000,0x00000000ec300000,0x00000000ec700000)
 ParOldGen       total 65536K, used 0K [0x00000000c0000000, 0x00000000c4000000, 0x00000000eab00000)
  object space 65536K, 0% used [0x00000000c0000000,0x00000000c0000000,0x00000000c4000000)
 Metaspace       used 5968K, capacity 6832K, committed 7040K, reserved 1056768K
  class space    used 588K, capacity 616K, committed 640K, reserved 1048576K
Event: 1.850 GC heap after
Heap after GC invocations=1 (full 0):
 PSYoungGen      total 28672K, used 4095K [0x00000000eab00000, 0x00000000ee300000, 0x0000000100000000)
  eden space 24576K, 0% used [0x00000000eab00000,0x00000000eab00000,0x00000000ec300000)
  from space 4096K, 99% used [0x00000000ec300000,0x00000000ec6ffc98,0x00000000ec700000)
  to   space 4096K, 0% used [0x00000000edf00000,0x00000000edf00000,0x00000000ee300000)
 ParOldGen       total 65536K, used 1423K [0x00000000c0000000, 0x00000000c4000000, 0x00000000eab00000)
  object space 65536K, 2% used [0x00000000c0000000,0x00000000c0163de8,0x00000000c4000000)
 Metaspace       used 5968K, capacity 6832K, committed 7040K, reserved 1056768K
  class space    used 588K, capacity 616K, committed 640K, reserved 1048576K
}

Deoptimization events (10 events):
Event: 1.147 Thread 0x000000000752a000 Uncommon trap: reason=class_check action=maybe_recompile pc=0x000000000f27fe80 method=com.android.dx.ssa.NormalSsaInsn.accept(Lcom/android/dx/ssa/SsaInsn$Visitor;)V @ 9
Event: 1.147 Thread 0x000000000752a000 Uncommon trap: reason=class_check action=maybe_recompile pc=0x000000000f27fe80 method=com.android.dx.ssa.NormalSsaInsn.accept(Lcom/android/dx/ssa/SsaInsn$Visitor;)V @ 9
Event: 1.148 Thread 0x000000000752a000 Uncommon trap: reason=class_check action=maybe_recompile pc=0x000000000f262060 method=com.android.dx.ssa.NormalSsaInsn.accept(Lcom/android/dx/ssa/SsaInsn$Visitor;)V @ 9
Event: 1.310 Thread 0x000000000010f000 Uncommon trap: reason=unstable_if action=reinterpret pc=0x000000000f2377e8 method=java.lang.String.<init>([CII)V @ 18
Event: 1.313 Thread 0x0000000007521000 Uncommon trap: reason=null_check action=make_not_entrant pc=0x000000000f35af9c method=com.android.dx.ssa.SsaRenamer.getLocalForNewReg(I)Lcom/android/dx/rop/code/LocalItem; @ 19
Event: 2.384 Thread 0x000000000752a000 Uncommon trap: reason=unstable_if action=reinterpret pc=0x000000000f388f1c method=com.android.dx.rop.code.RegisterSpecSet.put(Lcom/android/dx/rop/code/RegisterSpec;)V @ 77
Event: 2.384 Thread 0x000000000752a000 Uncommon trap: reason=unstable_if action=reinterpret pc=0x000000000f40b98c method=com.android.dx.rop.code.RegisterSpecSet.put(Lcom/android/dx/rop/code/RegisterSpec;)V @ 77
Event: 2.446 Thread 0x000000000752a000 Uncommon trap: reason=unstable_if action=reinterpret pc=0x000000000f2e5904 method=com.android.dx.rop.cst.Constant.compareTo(Lcom/android/dx/rop/cst/Constant;)I @ 12
Event: 2.711 Thread 0x000000000752a000 Uncommon trap: reason=unstable_if action=reinterpret pc=0x000000000f400a2c method=com.android.dx.util.IntList.binarysearch(I)I @ 105
Event: 3.042 Thread 0x00000000074ae800 Uncommon trap: reason=null_check action=make_not_entrant pc=0x000000000f37016c method=com.android.dx.ssa.SsaRenamer.getLocalForNewReg(I)Lcom/android/dx/rop/code/LocalItem; @ 19

Classes redefined (0 events):
No events

Internal exceptions (4 events):
Event: 0.076 Thread 0x000000000010f000 Exception <a 'java/lang/NoSuchMethodError': Method sun.misc.Unsafe.defineClass(Ljava/lang/String;[BII)Ljava/lang/Class; name or signature does not match> (0x00000000eab07ca8) thrown at [D:\src\AOSP-openjdk-cygwin\jdk8u\hotspot\src\share\vm\prims\jni.cpp, 
Event: 0.076 Thread 0x000000000010f000 Exception <a 'java/lang/NoSuchMethodError': Method sun.misc.Unsafe.prefetchRead(Ljava/lang/Object;J)V name or signature does not match> (0x00000000eab07f90) thrown at [D:\src\AOSP-openjdk-cygwin\jdk8u\hotspot\src\share\vm\prims\jni.cpp, line 4011]
Event: 1.313 Thread 0x0000000007521000 Implicit null exception at 0x000000000f358e45 to 0x000000000f35af7d
Event: 3.042 Thread 0x00000000074ae800 Implicit null exception at 0x000000000f36e927 to 0x000000000f370125

Events (10 events):
Event: 2.446 Thread 0x000000000752a000 DEOPT PACKING pc=0x000000000f2e5904 sp=0x00000000088de280
Event: 2.446 Thread 0x000000000752a000 DEOPT UNPACKING pc=0x000000000f05556a sp=0x00000000088de220 mode 2
Event: 2.706 Thread 0x000000000752a000 DEOPT PACKING pc=0x000000000f265e6e sp=0x00000000088de550
Event: 2.706 Thread 0x000000000752a000 DEOPT UNPACKING pc=0x000000000f0575bf sp=0x00000000088de330 mode 0
Event: 2.711 Thread 0x000000000752a000 Uncommon trap: trap_request=0xffffff65 fr.pc=0x000000000f400a2c
Event: 2.711 Thread 0x000000000752a000 DEOPT PACKING pc=0x000000000f400a2c sp=0x00000000088de4f0
Event: 2.711 Thread 0x000000000752a000 DEOPT UNPACKING pc=0x000000000f05556a sp=0x00000000088de468 mode 2
Event: 3.042 Thread 0x00000000074ae800 Uncommon trap: trap_request=0xfffffff4 fr.pc=0x000000000f37016c
Event: 3.042 Thread 0x00000000074ae800 DEOPT PACKING pc=0x000000000f37016c sp=0x00000000084fe760
Event: 3.044 Thread 0x00000000074ae800 DEOPT UNPACKING pc=0x000000000f05556a sp=0x00000000084fe568 mode 2


Dynamic libraries:
0x000000013f140000 - 0x000000013f171000 	D:\androidstudio3.0\jre\bin\java.exe
0x0000000076f60000 - 0x00000000770ff000 	C:\Windows\SYSTEM32\ntdll.dll
0x0000000076e40000 - 0x0000000076f5f000 	C:\Windows\system32\kernel32.dll
0x000007fefcf60000 - 0x000007fefcfca000 	C:\Windows\system32\KERNELBASE.dll
0x000007fefefa0000 - 0x000007feff07b000 	C:\Windows\system32\ADVAPI32.dll
0x000007fefee50000 - 0x000007fefeeef000 	C:\Windows\system32\msvcrt.dll
0x000007feff110000 - 0x000007feff12f000 	C:\Windows\SYSTEM32\sechost.dll
0x000007fefe450000 - 0x000007fefe57d000 	C:\Windows\system32\RPCRT4.dll
0x0000000076d40000 - 0x0000000076e3a000 	C:\Windows\system32\USER32.dll
0x000007feff0a0000 - 0x000007feff107000 	C:\Windows\system32\GDI32.dll
0x000007fefee40000 - 0x000007fefee4e000 	C:\Windows\system32\LPK.dll
0x000007fefe380000 - 0x000007fefe44b000 	C:\Windows\system32\USP10.dll
0x000007fefaf50000 - 0x000007fefb144000 	C:\Windows\WinSxS\amd64_microsoft.windows.common-controls_6595b64144ccf1df_6.0.7601.18837_none_fa3b1e3d17594757\COMCTL32.dll
0x000007fefedc0000 - 0x000007fefee31000 	C:\Windows\system32\SHLWAPI.dll
0x000007fefed90000 - 0x000007fefedbe000 	C:\Windows\system32\IMM32.DLL
0x000007fefe820000 - 0x000007fefe929000 	C:\Windows\system32\MSCTF.dll
0x000007fefce10000 - 0x000007fefce41000 	C:\Windows\system32\nvinitx.dll
0x000007fefce00000 - 0x000007fefce0c000 	C:\Windows\system32\VERSION.dll
0x000000000f000000 - 0x000000000f006000 	C:\Program Files\NVIDIA Corporation\CoProcManager\detoured.dll
0x000007fefa100000 - 0x000007fefa132000 	C:\Program Files\NVIDIA Corporation\CoProcManager\nvd3d9wrapx.dll
0x000007fefe940000 - 0x000007fefeb17000 	C:\Windows\system32\SETUPAPI.dll
0x000007fefd220000 - 0x000007fefd256000 	C:\Windows\system32\CFGMGR32.dll
0x000007fefeb20000 - 0x000007fefebfa000 	C:\Windows\system32\OLEAUT32.dll
0x000007fefe620000 - 0x000007fefe81d000 	C:\Windows\system32\ole32.dll
0x000007fefcf40000 - 0x000007fefcf5a000 	C:\Windows\system32\DEVOBJ.dll
0x000007fefa0d0000 - 0x000007fefa0f2000 	C:\Program Files\NVIDIA Corporation\CoProcManager\nvdxgiwrapx.dll
0x000000006d4f0000 - 0x000000006d5c2000 	D:\androidstudio3.0\jre\jre\bin\msvcr100.dll
0x0000000066fe0000 - 0x000000006781e000 	D:\androidstudio3.0\jre\jre\bin\server\jvm.dll
0x000007fef5ee0000 - 0x000007fef5ee9000 	C:\Windows\system32\WSOCK32.dll
0x000007fefef50000 - 0x000007fefef9d000 	C:\Windows\system32\WS2_32.dll
0x000007fefe930000 - 0x000007fefe938000 	C:\Windows\system32\NSI.dll
0x000007fefa900000 - 0x000007fefa93b000 	C:\Windows\system32\WINMM.dll
0x0000000077100000 - 0x0000000077107000 	C:\Windows\system32\PSAPI.DLL
0x000007fefa4a0000 - 0x000007fefa4af000 	D:\androidstudio3.0\jre\jre\bin\verify.dll
0x000007fef6890000 - 0x000007fef68b9000 	D:\androidstudio3.0\jre\jre\bin\java.dll
0x000007fef66e0000 - 0x000007fef66f6000 	D:\androidstudio3.0\jre\jre\bin\zip.dll
0x000007fefd5f0000 - 0x000007fefe37b000 	C:\Windows\system32\SHELL32.dll
0x000007fefce50000 - 0x000007fefce5f000 	C:\Windows\system32\profapi.dll

VM Arguments:
jvm_args: -Djava.awt.headless=true -Xmx1024M -Dfile.encoding=GBK -Duser.country=CN -Duser.language=zh -Duser.variant 
java_command: com.android.dx.command.Main --dex --num-threads=4 --output E:\projectfromgithub\WhiteBoard-master\app\build\intermediates\pre-dexed\debug\picasso-2.4.0_0d0a23f9dc51e58a9c332365505e6fc92a70b86a.jar C:\Users\Administrator\.gradle\caches\modules-2\files-2.1\com.squareup.picasso\picasso\2.4.0\f36d2d4e3a36b3259aaf9d004d29b4cdc6c1bfb2\picasso-2.4.0.jar
java_class_path (initial): D:\androidstudio2.3\androidsdk\build-tools\23.0.2\lib\dx.jar
Launcher Type: SUN_STANDARD

Environment Variables:
JAVA_HOME=D:\java\jdk
CLASSPATH=.;D:\java\jdk\lib;D:\java\jdk\lib\tools.jar
PATH=C:\ProgramData\Oracle\Java\javapath;E:\nTurn\Goto;C:\Windows\system32;C:\Windows;C:\Windows\System32\Wbem;C:\Windows\System32\WindowsPowerShell\v1.0\;D:\java\jdk\bin;D:\java\jdk\jre\bin;%CATALINA_HOME%\bin;%CATALINA_HOME%\lib;E:\SDK\android-sdk_r24.1.2-windows\android-sdk-windows\platform-tools;D:\python;D:\nodejs\;D:\Git\bin;C:\Users\Administrator\AppData\Roaming\npm;C:\Users\Administrator\AppData\Local\GitHubDesktop\bin;D:\vscode\Microsoft VS Code\bin
USERNAME=Administrator
OS=Windows_NT
PROCESSOR_IDENTIFIER=Intel64 Family 6 Model 69 Stepping 1, GenuineIntel



---------------  S Y S T E M  ---------------

OS: Windows 7 , 64 bit Build 7601 (6.1.7601.24094)

CPU:total 4 (initial active 4) (2 cores per cpu, 2 threads per core) family 6 model 69 stepping 1, cmov, cx8, fxsr, mmx, sse, sse2, sse3, ssse3, sse4.1, sse4.2, popcnt, avx, avx2, aes, clmul, erms, lzcnt, ht, tsc, tscinvbit, bmi1, bmi2

Memory: 4k page, physical 6172056k(626660k free), swap 6170180k(1008k free)

vm_info: OpenJDK 64-Bit Server VM (25.152-b01) for windows-amd64 JRE (1.8.0_152-release-915-b01), built by "builder" with MS VC++ 10.0 (VS2010)

time: Sun May 13 02:51:52 2018
elapsed time: 3 seconds (0d 0h 0m 3s)

